#
# There is insufficient memory for the Java Runtime Environment to continue.
# Native memory allocation (mmap) failed to map 47185920 bytes for Failed to commit area from 0x000000008de00000 to 0x0000000090b00000 of length 47185920.
# Possible reasons:
#   The system is out of physical RAM or swap space
#   The process is running with CompressedOops enabled, and the Java Heap may be blocking the growth of the native heap
# Possible solutions:
#   Reduce memory load on the system
#   Increase physical memory or swap space
#   Check if swap backing store is full
#   Decrease Java heap size (-Xmx/-Xms)
#   Decrease number of Java threads
#   Decrease Java thread stack sizes (-Xss)
#   Set larger code cache with -XX:ReservedCodeCacheSize=
#   JVM is running with Unscaled Compressed Oops mode in which the Java heap is
#     placed in the first 4GB address space. The Java Heap base address is the
#     maximum limit for the native heap growth. Please use -XX:HeapBaseMinAddress
#     to set the Java Heap base and to place the Java Heap above 4GB virtual address.
# This output file may be truncated or incomplete.
#
#  Out of Memory Error (./src/hotspot/os/windows/os_windows.cpp:3386), pid=19868, tid=13040
#
# JRE version: OpenJDK Runtime Environment Microsoft-7208460 (11.0.18+10) (build 11.0.18+10-LTS)
# Java VM: OpenJDK 64-Bit Server VM Microsoft-7208460 (11.0.18+10-LTS, mixed mode, tiered, compressed oops, g1 gc, windows-amd64)
# No core dump will be written. Minidumps are not enabled by default on client versions of Windows
#

---------------  S U M M A R Y ------------

Command Line: -XX:MaxMetaspaceSize=512m --add-opens=java.base/java.util=ALL-UNNAMED --add-opens=java.base/java.lang=ALL-UNNAMED --add-opens=java.base/java.lang.invoke=ALL-UNNAMED --add-opens=java.base/java.util=ALL-UNNAMED --add-opens=java.prefs/java.util.prefs=ALL-UNNAMED --add-opens=java.prefs/java.util.prefs=ALL-UNNAMED --add-opens=java.base/java.nio.charset=ALL-UNNAMED --add-opens=java.base/java.net=ALL-UNNAMED --add-opens=java.base/java.util.concurrent.atomic=ALL-UNNAMED -Xmx2048m -Dfile.encoding=windows-1252 -Duser.country=US -Duser.language=en -Duser.variant org.gradle.launcher.daemon.bootstrap.GradleDaemon 7.5.1

Host: Intel(R) Core(TM) i7-4600U CPU @ 2.10GHz, 4 cores, 7G,  Windows 11 , 64 bit Build 22000 (10.0.22000.1880)
Time: Tue Jun 13 21:29:18 2023 India Standard Time elapsed time: 91.931505 seconds (0d 0h 1m 31s)

---------------  T H R E A D  ---------------

Current thread (0x0000015774744800):  VMThread "VM Thread" [stack: 0x000000068dd00000,0x000000068de00000] [id=13040]

Stack: [0x000000068dd00000,0x000000068de00000]
[error occurred during error reporting (printing stack bounds), id 0xc0000005, EXCEPTION_ACCESS_VIOLATION (0xc0000005) at pc=0x000001575e68112d]

Native frames: (J=compiled Java code, j=interpreted, Vv=VM code, C=native code)
V  [jvm.dll+0x62bf8a]
V  [jvm.dll+0x7b8fb9]
V  [jvm.dll+0x7ba6a8]
V  [jvm.dll+0x7bace5]
V  [jvm.dll+0x7bac9b]
V  [jvm.dll+0x62b317]
V  [jvm.dll+0x62ba28]
C  [ntdll.dll+0xa8b6f]
C  [ntdll.dll+0x35b9a]
C  [ntdll.dll+0xa7b7e]
C  0x000001575e68112d

VM_Operation (0x000000068f0f89b0): G1CollectForAllocation, mode: safepoint, requested by thread 0x00000157750b4800


---------------  P R O C E S S  ---------------

Threads class SMR info:
_java_thread_list=0x00000157785ae1c0, length=88, elements={
0x0000015755f02000, 0x0000015774749800, 0x0000015774752000, 0x00000157747ab800,
0x00000157750b2800, 0x00000157750b5800, 0x00000157750c3000, 0x00000157750c7800,
0x00000157750cb000, 0x00000157750b6800, 0x00000157750b7000, 0x00000157750b8000,
0x00000157750b4000, 0x00000157750b9000, 0x00000157750b3000, 0x00000157750b9800,
0x00000157750b4800, 0x0000015777737000, 0x0000015777736800, 0x0000015777738000,
0x0000015777734800, 0x0000015777732000, 0x0000015777733000, 0x0000015777738800,
0x0000015777735800, 0x0000015777739800, 0x0000015777734000, 0x000001577773a800,
0x000001577773d800, 0x000001577773e800, 0x000001577773f800, 0x0000015777741000,
0x0000015777740000, 0x000001577773c000, 0x000001577773d000, 0x0000015777ca3800,
0x0000015777ca6000, 0x0000015777ca4000, 0x0000015777ca2800, 0x0000015777ca6800,
0x0000015777ca5000, 0x0000015777ca7800, 0x0000015777ca2000, 0x0000015777cab800,
0x0000015777cae000, 0x0000015777cab000, 0x0000015777cac800, 0x0000015777cad000,
0x0000015777ca8800, 0x0000015777caf000, 0x0000015777ca9000, 0x0000015777caf800,
0x0000015777caa000, 0x0000015777cb0800, 0x000001577b484800, 0x000001577b482000,
0x000001577b483800, 0x000001577b487800, 0x000001577b485800, 0x000001577b486000,
0x000001577b487000, 0x000001577b488800, 0x000001577b483000, 0x000001577b48c800,
0x000001577b48a000, 0x000001577b489800, 0x000001577b48e800, 0x000001577b490800,
0x000001577b48f000, 0x000001577b48b000, 0x000001577b490000, 0x000001577b48c000,
0x000001577b48d800, 0x000001577715c000, 0x000001577715b000, 0x000001577715d800,
0x000001577715f800, 0x000001577715e800, 0x0000015777159800, 0x000001577715d000,
0x0000015777160000, 0x000001577715a800, 0x0000015777165000, 0x0000015777163800,
0x0000015777166000, 0x0000015777162000, 0x0000015777164000, 0x000001577f202800
}

Java Threads: ( => current thread )
  0x0000015755f02000 JavaThread "main" [_thread_blocked, id=3012, stack(0x000000068d700000,0x000000068d800000)]
  0x0000015774749800 JavaThread "Reference Handler" daemon [_thread_blocked, id=14044, stack(0x000000068de00000,0x000000068df00000)]
  0x0000015774752000 JavaThread "Finalizer" daemon [_thread_blocked, id=11152, stack(0x000000068df00000,0x000000068e000000)]
  0x00000157747ab800 JavaThread "Signal Dispatcher" daemon [_thread_blocked, id=21760, stack(0x000000068e000000,0x000000068e100000)]
  0x00000157750b2800 JavaThread "Attach Listener" daemon [_thread_blocked, id=17648, stack(0x000000068e100000,0x000000068e200000)]
  0x00000157750b5800 JavaThread "Service Thread" daemon [_thread_blocked, id=10060, stack(0x000000068e200000,0x000000068e300000)]
  0x00000157750c3000 JavaThread "C2 CompilerThread0" daemon [_thread_in_native, id=13500, stack(0x000000068e300000,0x000000068e400000)]
  0x00000157750c7800 JavaThread "C1 CompilerThread0" daemon [_thread_blocked, id=21060, stack(0x000000068e400000,0x000000068e500000)]
  0x00000157750cb000 JavaThread "Sweeper thread" daemon [_thread_blocked, id=18692, stack(0x000000068e500000,0x000000068e600000)]
  0x00000157750b6800 JavaThread "Common-Cleaner" daemon [_thread_blocked, id=17412, stack(0x000000068e600000,0x000000068e700000)]
  0x00000157750b7000 JavaThread "Daemon health stats" [_thread_blocked, id=15448, stack(0x000000068eb00000,0x000000068ec00000)]
  0x00000157750b8000 JavaThread "Incoming local TCP Connector on port 56184" [_thread_in_native, id=20068, stack(0x000000068e800000,0x000000068e900000)]
  0x00000157750b4000 JavaThread "Daemon periodic checks" [_thread_blocked, id=9280, stack(0x000000068ec00000,0x000000068ed00000)]
  0x00000157750b9000 JavaThread "Daemon" [_thread_blocked, id=8888, stack(0x000000068ed00000,0x000000068ee00000)]
  0x00000157750b3000 JavaThread "Handler for socket connection from /127.0.0.1:56184 to /127.0.0.1:56185" [_thread_in_native, id=23368, stack(0x000000068ee00000,0x000000068ef00000)]
  0x00000157750b9800 JavaThread "Cancel handler" [_thread_blocked, id=22872, stack(0x000000068ef00000,0x000000068f000000)]
  0x00000157750b4800 JavaThread "Daemon worker" [_thread_blocked, id=23448, stack(0x000000068f000000,0x000000068f100000)]
  0x0000015777737000 JavaThread "Asynchronous log dispatcher for DefaultDaemonConnection: socket connection from /127.0.0.1:56184 to /127.0.0.1:56185" [_thread_blocked, id=7196, stack(0x000000068f100000,0x000000068f200000)]
  0x0000015777736800 JavaThread "Stdin handler" [_thread_blocked, id=21212, stack(0x000000068f200000,0x000000068f300000)]
  0x0000015777738000 JavaThread "Daemon client event forwarder" [_thread_blocked, id=9652, stack(0x000000068f300000,0x000000068f400000)]
  0x0000015777734800 JavaThread "Cache worker for journal cache (C:\Users\hi\.gradle\caches\journal-1)" [_thread_blocked, id=19020, stack(0x000000068f500000,0x000000068f600000)]
  0x0000015777732000 JavaThread "File lock request listener" [_thread_in_native, id=22080, stack(0x000000068f600000,0x000000068f700000)]
  0x0000015777733000 JavaThread "Cache worker for file hash cache (C:\Users\hi\.gradle\caches\7.5.1\fileHashes)" [_thread_blocked, id=22840, stack(0x000000068f700000,0x000000068f800000)]
  0x0000015777738800 JavaThread "File watcher server" daemon [_thread_in_native, id=16756, stack(0x000000068f900000,0x000000068fa00000)]
  0x0000015777735800 JavaThread "File watcher consumer" daemon [_thread_blocked, id=8660, stack(0x000000068fa00000,0x000000068fb00000)]
  0x0000015777739800 JavaThread "Cache worker for checksums cache (E:\nativelearn\android\.gradle\7.5.1\checksums)" [_thread_blocked, id=12080, stack(0x000000068fb00000,0x000000068fc00000)]
  0x0000015777734000 JavaThread "Cache worker for cache directory md-rule (C:\Users\hi\.gradle\caches\7.5.1\md-rule)" [_thread_blocked, id=20132, stack(0x000000068fc00000,0x000000068fd00000)]
  0x000001577773a800 JavaThread "Cache worker for file content cache (C:\Users\hi\.gradle\caches\7.5.1\fileContent)" [_thread_blocked, id=22016, stack(0x000000068fd00000,0x000000068fe00000)]
  0x000001577773d800 JavaThread "Cache worker for file hash cache (E:\nativelearn\android\.gradle\7.5.1\fileHashes)" [_thread_blocked, id=21704, stack(0x000000068fe00000,0x000000068ff00000)]
  0x000001577773e800 JavaThread "Cache worker for cache directory md-supplier (C:\Users\hi\.gradle\caches\7.5.1\md-supplier)" [_thread_blocked, id=18904, stack(0x000000068ff00000,0x0000000690000000)]
  0x000001577773f800 JavaThread "Cache worker for execution history cache (C:\Users\hi\.gradle\caches\7.5.1\executionHistory)" [_thread_blocked, id=17120, stack(0x0000000690000000,0x0000000690100000)]
  0x0000015777741000 JavaThread "jar transforms" [_thread_blocked, id=20612, stack(0x0000000690100000,0x0000000690200000)]
  0x0000015777740000 JavaThread "jar transforms Thread 2" [_thread_blocked, id=11924, stack(0x0000000690200000,0x0000000690300000)]
  0x000001577773c000 JavaThread "jar transforms Thread 3" [_thread_blocked, id=11080, stack(0x0000000690300000,0x0000000690400000)]
  0x000001577773d000 JavaThread "jar transforms Thread 4" [_thread_blocked, id=2688, stack(0x0000000690400000,0x0000000690500000)]
  0x0000015777ca3800 JavaThread "Cache worker for kotlin-dsl (C:\Users\hi\.gradle\caches\7.5.1\kotlin-dsl)" [_thread_blocked, id=22428, stack(0x0000000690500000,0x0000000690600000)]
  0x0000015777ca6000 JavaThread "Cache worker for dependencies-accessors (E:\nativelearn\android\.gradle\7.5.1\dependencies-accessors)" [_thread_blocked, id=18304, stack(0x000000068f800000,0x000000068f900000)]
  0x0000015777ca4000 JavaThread "Cache worker for Build Output Cleanup Cache (E:\nativelearn\node_modules\react-native-gradle-plugin\.gradle\buildOutputCleanup)" [_thread_blocked, id=19836, stack(0x0000000690600000,0x0000000690700000)]
  0x0000015777ca2800 JavaThread "Unconstrained build operations" [_thread_blocked, id=5492, stack(0x0000000690700000,0x0000000690800000)]
  0x0000015777ca6800 JavaThread "Unconstrained build operations Thread 2" [_thread_blocked, id=8372, stack(0x0000000690800000,0x0000000690900000)]
  0x0000015777ca5000 JavaThread "Unconstrained build operations Thread 3" [_thread_blocked, id=22236, stack(0x0000000690900000,0x0000000690a00000)]
  0x0000015777ca7800 JavaThread "Unconstrained build operations Thread 4" [_thread_blocked, id=20976, stack(0x0000000690a00000,0x0000000690b00000)]
  0x0000015777ca2000 JavaThread "Unconstrained build operations Thread 5" [_thread_blocked, id=20340, stack(0x0000000690b00000,0x0000000690c00000)]
  0x0000015777cab800 JavaThread "Unconstrained build operations Thread 6" [_thread_blocked, id=12400, stack(0x0000000690c00000,0x0000000690d00000)]
  0x0000015777cae000 JavaThread "Unconstrained build operations Thread 7" [_thread_blocked, id=9968, stack(0x0000000690d00000,0x0000000690e00000)]
  0x0000015777cab000 JavaThread "Unconstrained build operations Thread 8" [_thread_blocked, id=10076, stack(0x0000000690e00000,0x0000000690f00000)]
  0x0000015777cac800 JavaThread "Unconstrained build operations Thread 9" [_thread_blocked, id=15688, stack(0x0000000690f00000,0x0000000691000000)]
  0x0000015777cad000 JavaThread "Unconstrained build operations Thread 10" [_thread_blocked, id=16812, stack(0x0000000691000000,0x0000000691100000)]
  0x0000015777ca8800 JavaThread "Unconstrained build operations Thread 11" [_thread_blocked, id=6532, stack(0x0000000691100000,0x0000000691200000)]
  0x0000015777caf000 JavaThread "Unconstrained build operations Thread 12" [_thread_blocked, id=1480, stack(0x0000000691200000,0x0000000691300000)]
  0x0000015777ca9000 JavaThread "Unconstrained build operations Thread 13" [_thread_blocked, id=11632, stack(0x0000000691300000,0x0000000691400000)]
  0x0000015777caf800 JavaThread "Unconstrained build operations Thread 14" [_thread_blocked, id=11576, stack(0x0000000691400000,0x0000000691500000)]
  0x0000015777caa000 JavaThread "Unconstrained build operations Thread 15" [_thread_blocked, id=17900, stack(0x0000000691500000,0x0000000691600000)]
  0x0000015777cb0800 JavaThread "Unconstrained build operations Thread 16" [_thread_blocked, id=18804, stack(0x0000000691600000,0x0000000691700000)]
  0x000001577b484800 JavaThread "Unconstrained build operations Thread 17" [_thread_blocked, id=22484, stack(0x0000000691700000,0x0000000691800000)]
  0x000001577b482000 JavaThread "Unconstrained build operations Thread 18" [_thread_blocked, id=2112, stack(0x0000000691800000,0x0000000691900000)]
  0x000001577b483800 JavaThread "Unconstrained build operations Thread 19" [_thread_blocked, id=21924, stack(0x0000000691900000,0x0000000691a00000)]
  0x000001577b487800 JavaThread "Unconstrained build operations Thread 20" [_thread_blocked, id=18256, stack(0x0000000691a00000,0x0000000691b00000)]
  0x000001577b485800 JavaThread "Unconstrained build operations Thread 21" [_thread_blocked, id=15880, stack(0x0000000691b00000,0x0000000691c00000)]
  0x000001577b486000 JavaThread "Unconstrained build operations Thread 22" [_thread_blocked, id=15848, stack(0x0000000691c00000,0x0000000691d00000)]
  0x000001577b487000 JavaThread "Unconstrained build operations Thread 23" [_thread_blocked, id=22036, stack(0x0000000691d00000,0x0000000691e00000)]
  0x000001577b488800 JavaThread "Unconstrained build operations Thread 24" [_thread_blocked, id=9392, stack(0x0000000691e00000,0x0000000691f00000)]
  0x000001577b483000 JavaThread "Unconstrained build operations Thread 25" [_thread_blocked, id=5256, stack(0x0000000691f00000,0x0000000692000000)]
  0x000001577b48c800 JavaThread "Unconstrained build operations Thread 26" [_thread_blocked, id=7080, stack(0x0000000692000000,0x0000000692100000)]
  0x000001577b48a000 JavaThread "Unconstrained build operations Thread 27" [_thread_blocked, id=17204, stack(0x0000000692100000,0x0000000692200000)]
  0x000001577b489800 JavaThread "Unconstrained build operations Thread 28" [_thread_blocked, id=21348, stack(0x0000000692200000,0x0000000692300000)]
  0x000001577b48e800 JavaThread "Unconstrained build operations Thread 29" [_thread_blocked, id=10528, stack(0x0000000692300000,0x0000000692400000)]
  0x000001577b490800 JavaThread "Unconstrained build operations Thread 30" [_thread_blocked, id=10924, stack(0x0000000692400000,0x0000000692500000)]
  0x000001577b48f000 JavaThread "Unconstrained build operations Thread 31" [_thread_blocked, id=9596, stack(0x0000000692500000,0x0000000692600000)]
  0x000001577b48b000 JavaThread "Unconstrained build operations Thread 32" [_thread_blocked, id=19056, stack(0x0000000692600000,0x0000000692700000)]
  0x000001577b490000 JavaThread "Unconstrained build operations Thread 33" [_thread_blocked, id=20768, stack(0x0000000692700000,0x0000000692800000)]
  0x000001577b48c000 JavaThread "build event listener" [_thread_blocked, id=21168, stack(0x0000000692800000,0x0000000692900000)]
  0x000001577b48d800 JavaThread "Memory manager" [_thread_blocked, id=8488, stack(0x0000000692a00000,0x0000000692b00000)]
  0x000001577715c000 JavaThread "Cache worker for Build Output Cleanup Cache (E:\nativelearn\android\.gradle\buildOutputCleanup)" [_thread_blocked, id=10348, stack(0x0000000692b00000,0x0000000692c00000)]
  0x000001577715b000 JavaThread "included builds" [_thread_blocked, id=11960, stack(0x0000000692900000,0x0000000692a00000)]
  0x000001577715d800 JavaThread "Execution worker" [_thread_blocked, id=22524, stack(0x0000000692c00000,0x0000000692d00000)]
  0x000001577715f800 JavaThread "Execution worker Thread 2" [_thread_blocked, id=6396, stack(0x0000000692d00000,0x0000000692e00000)]
  0x000001577715e800 JavaThread "Execution worker Thread 3" [_thread_blocked, id=19348, stack(0x0000000692e00000,0x0000000692f00000)]
  0x0000015777159800 JavaThread "Cache worker for execution history cache (E:\nativelearn\node_modules\react-native-gradle-plugin\.gradle\7.5.1\executionHistory)" [_thread_blocked, id=14792, stack(0x0000000692f00000,0x0000000693000000)]
  0x000001577715d000 JavaThread "Unconstrained build operations Thread 34" [_thread_blocked, id=21028, stack(0x0000000693000000,0x0000000693100000)]
  0x0000015777160000 JavaThread "Unconstrained build operations Thread 35" [_thread_blocked, id=13712, stack(0x0000000693100000,0x0000000693200000)]
  0x000001577715a800 JavaThread "Unconstrained build operations Thread 36" [_thread_blocked, id=21420, stack(0x0000000693200000,0x0000000693300000)]
  0x0000015777165000 JavaThread "Unconstrained build operations Thread 37" [_thread_blocked, id=14420, stack(0x0000000693300000,0x0000000693400000)]
  0x0000015777163800 JavaThread "Unconstrained build operations Thread 38" [_thread_blocked, id=7764, stack(0x0000000693400000,0x0000000693500000)]
  0x0000015777166000 JavaThread "Unconstrained build operations Thread 39" [_thread_blocked, id=20652, stack(0x0000000693500000,0x0000000693600000)]
  0x0000015777162000 JavaThread "Unconstrained build operations Thread 40" [_thread_blocked, id=19640, stack(0x0000000693600000,0x0000000693700000)]
  0x0000015777164000 JavaThread "build event listener" [_thread_blocked, id=19064, stack(0x000000068d400000,0x000000068d500000)]
  0x000001577f202800 JavaThread "C2 CompilerThread1" daemon [_thread_blocked, id=12404, stack(0x000000068d500000,0x000000068d600000)]

Other Threads:
=>0x0000015774744800 VMThread "VM Thread" [stack: 0x000000068dd00000,0x000000068de00000] [id=13040]
  0x000001577524d000 WatcherThread [stack: 0x000000068e700000,0x000000068e800000] [id=17472]
  0x0000015755f1c000 GCTaskThread "GC Thread#0" [stack: 0x000000068d800000,0x000000068d900000] [id=11720]
  0x00000157754a8800 GCTaskThread "GC Thread#1" [stack: 0x000000068e900000,0x000000068ea00000] [id=13720]
  0x0000015775728000 GCTaskThread "GC Thread#2" [stack: 0x000000068ea00000,0x000000068eb00000] [id=12528]
  0x00000157775d3000 GCTaskThread "GC Thread#3" [stack: 0x000000068f400000,0x000000068f500000] [id=21288]
  0x0000015755f4f800 ConcurrentGCThread "G1 Main Marker" [stack: 0x000000068d900000,0x000000068da00000] [id=12372]
  0x0000015755f51800 ConcurrentGCThread "G1 Conc#0" [stack: 0x000000068da00000,0x000000068db00000] [id=15464]
  0x00000157745c0800 ConcurrentGCThread "G1 Refine#0" [stack: 0x000000068db00000,0x000000068dc00000] [id=11864]
  0x0000015755fd7000 ConcurrentGCThread "G1 Young RemSet Sampling" [stack: 0x000000068dc00000,0x000000068dd00000] [id=3664]

Threads with active compile tasks:
C2 CompilerThread0    91969 13963       4       org.gradle.api.internal.artifacts.configurations.Configurations::collectCapabilities (73 bytes)
C2 CompilerThread1    91969 13908       4       org.gradle.api.internal.artifacts.configurations.DefaultConfiguration::collectSuperConfigs (61 bytes)

VM state:at safepoint (normal execution)

VM Mutex/Monitor currently owned by a thread:  ([mutex/lock_event])
[0x0000015755f000b0] Threads_lock - owner thread: 0x0000015774744800
[0x0000015755efee20] Heap_lock - owner thread: 0x00000157750b4800

Heap address: 0x0000000080000000, size: 2048 MB, Compressed Oops mode: 32-bit
Narrow klass base: 0x0000000000000000, Narrow klass shift: 3
Compressed class space size: 528482304 Address: 0x0000000100000000

Heap:
 garbage-first heap   total 273408K, used 178173K [0x0000000080000000, 0x0000000100000000)
  region size 1024K, 2 young (2048K), 2 survivors (2048K)
 Metaspace       used 112098K, capacity 116752K, committed 117076K, reserved 620544K
  class space    used 14629K, capacity 16357K, committed 16460K, reserved 516096K
Heap Regions: E=young(eden), S=young(survivor), O=old, HS=humongous(starts), HC=humongous(continues), CS=collection set, F=free, A=archive, TAMS=top-at-mark-start (previous, next)
|   0|0x0000000080000000, 0x0000000080100000, 0x0000000080100000|100%|HS|  |TAMS 0x0000000080100000, 0x0000000080100000| Complete 
|   1|0x0000000080100000, 0x0000000080200000, 0x0000000080200000|100%|HC|  |TAMS 0x0000000080200000, 0x0000000080200000| Complete 
|   2|0x0000000080200000, 0x0000000080300000, 0x0000000080300000|100%|HC|  |TAMS 0x0000000080300000, 0x0000000080300000| Complete 
|   3|0x0000000080300000, 0x0000000080400000, 0x0000000080400000|100%| O|  |TAMS 0x0000000080400000, 0x0000000080400000| Untracked 
|   4|0x0000000080400000, 0x0000000080500000, 0x0000000080500000|100%| O|  |TAMS 0x0000000080500000, 0x0000000080500000| Untracked 
|   5|0x0000000080500000, 0x0000000080600000, 0x0000000080600000|100%| O|  |TAMS 0x0000000080600000, 0x0000000080600000| Untracked 
|   6|0x0000000080600000, 0x0000000080700000, 0x0000000080700000|100%| O|  |TAMS 0x0000000080700000, 0x0000000080700000| Untracked 
|   7|0x0000000080700000, 0x0000000080800000, 0x0000000080800000|100%| O|  |TAMS 0x0000000080800000, 0x0000000080800000| Untracked 
|   8|0x0000000080800000, 0x0000000080900000, 0x0000000080900000|100%| O|  |TAMS 0x0000000080900000, 0x0000000080900000| Untracked 
|   9|0x0000000080900000, 0x0000000080a00000, 0x0000000080a00000|100%| O|  |TAMS 0x0000000080a00000, 0x0000000080a00000| Untracked 
|  10|0x0000000080a00000, 0x0000000080b00000, 0x0000000080b00000|100%| O|  |TAMS 0x0000000080b00000, 0x0000000080b00000| Untracked 
|  11|0x0000000080b00000, 0x0000000080c00000, 0x0000000080c00000|100%| O|  |TAMS 0x0000000080c00000, 0x0000000080c00000| Untracked 
|  12|0x0000000080c00000, 0x0000000080d00000, 0x0000000080d00000|100%| O|  |TAMS 0x0000000080d00000, 0x0000000080d00000| Untracked 
|  13|0x0000000080d00000, 0x0000000080e00000, 0x0000000080e00000|100%| O|  |TAMS 0x0000000080e00000, 0x0000000080e00000| Untracked 
|  14|0x0000000080e00000, 0x0000000080f00000, 0x0000000080f00000|100%| O|  |TAMS 0x0000000080f00000, 0x0000000080f00000| Untracked 
|  15|0x0000000080f00000, 0x0000000081000000, 0x0000000081000000|100%| O|  |TAMS 0x0000000081000000, 0x0000000081000000| Untracked 
|  16|0x0000000081000000, 0x0000000081100000, 0x0000000081100000|100%|HS|  |TAMS 0x0000000081100000, 0x0000000081100000| Complete 
|  17|0x0000000081100000, 0x0000000081200000, 0x0000000081200000|100%| O|  |TAMS 0x0000000081200000, 0x0000000081200000| Untracked 
|  18|0x0000000081200000, 0x0000000081300000, 0x0000000081300000|100%| O|  |TAMS 0x0000000081300000, 0x0000000081300000| Untracked 
|  19|0x0000000081300000, 0x0000000081400000, 0x0000000081400000|100%| O|  |TAMS 0x0000000081400000, 0x0000000081400000| Untracked 
|  20|0x0000000081400000, 0x0000000081500000, 0x0000000081500000|100%| O|  |TAMS 0x0000000081500000, 0x0000000081500000| Untracked 
|  21|0x0000000081500000, 0x0000000081600000, 0x0000000081600000|100%| O|  |TAMS 0x0000000081600000, 0x0000000081600000| Untracked 
|  22|0x0000000081600000, 0x0000000081700000, 0x0000000081700000|100%| O|  |TAMS 0x0000000081700000, 0x0000000081700000| Untracked 
|  23|0x0000000081700000, 0x0000000081800000, 0x0000000081800000|100%| O|  |TAMS 0x0000000081800000, 0x0000000081800000| Untracked 
|  24|0x0000000081800000, 0x0000000081900000, 0x0000000081900000|100%|HS|  |TAMS 0x0000000081900000, 0x0000000081900000| Complete 
|  25|0x0000000081900000, 0x0000000081a00000, 0x0000000081a00000|100%|HC|  |TAMS 0x0000000081a00000, 0x0000000081a00000| Complete 
|  26|0x0000000081a00000, 0x0000000081b00000, 0x0000000081b00000|100%|HC|  |TAMS 0x0000000081b00000, 0x0000000081b00000| Complete 
|  27|0x0000000081b00000, 0x0000000081c00000, 0x0000000081c00000|100%| O|  |TAMS 0x0000000081c00000, 0x0000000081c00000| Untracked 
|  28|0x0000000081c00000, 0x0000000081d00000, 0x0000000081d00000|100%| O|  |TAMS 0x0000000081d00000, 0x0000000081d00000| Untracked 
|  29|0x0000000081d00000, 0x0000000081e00000, 0x0000000081e00000|100%| O|  |TAMS 0x0000000081e00000, 0x0000000081e00000| Untracked 
|  30|0x0000000081e00000, 0x0000000081f00000, 0x0000000081f00000|100%| O|  |TAMS 0x0000000081f00000, 0x0000000081f00000| Untracked 
|  31|0x0000000081f00000, 0x0000000082000000, 0x0000000082000000|100%| O|  |TAMS 0x0000000082000000, 0x0000000082000000| Untracked 
|  32|0x0000000082000000, 0x0000000082100000, 0x0000000082100000|100%| O|  |TAMS 0x0000000082100000, 0x0000000082100000| Untracked 
|  33|0x0000000082100000, 0x0000000082200000, 0x0000000082200000|100%| O|  |TAMS 0x0000000082200000, 0x0000000082200000| Untracked 
|  34|0x0000000082200000, 0x0000000082300000, 0x0000000082300000|100%| O|  |TAMS 0x0000000082300000, 0x0000000082300000| Untracked 
|  35|0x0000000082300000, 0x0000000082400000, 0x0000000082400000|100%| O|  |TAMS 0x0000000082400000, 0x0000000082400000| Untracked 
|  36|0x0000000082400000, 0x0000000082500000, 0x0000000082500000|100%| O|  |TAMS 0x0000000082500000, 0x0000000082500000| Untracked 
|  37|0x0000000082500000, 0x0000000082600000, 0x0000000082600000|100%| O|  |TAMS 0x0000000082600000, 0x0000000082600000| Untracked 
|  38|0x0000000082600000, 0x0000000082700000, 0x0000000082700000|100%| O|  |TAMS 0x0000000082700000, 0x0000000082700000| Untracked 
|  39|0x0000000082700000, 0x0000000082800000, 0x0000000082800000|100%| O|  |TAMS 0x0000000082800000, 0x0000000082800000| Untracked 
|  40|0x0000000082800000, 0x0000000082900000, 0x0000000082900000|100%|HS|  |TAMS 0x0000000082900000, 0x0000000082900000| Complete 
|  41|0x0000000082900000, 0x0000000082a00000, 0x0000000082a00000|100%|HS|  |TAMS 0x0000000082a00000, 0x0000000082a00000| Complete 
|  42|0x0000000082a00000, 0x0000000082b00000, 0x0000000082b00000|100%| O|  |TAMS 0x0000000082b00000, 0x0000000082b00000| Untracked 
|  43|0x0000000082b00000, 0x0000000082c00000, 0x0000000082c00000|100%|HS|  |TAMS 0x0000000082c00000, 0x0000000082c00000| Complete 
|  44|0x0000000082c00000, 0x0000000082d00000, 0x0000000082d00000|100%|HC|  |TAMS 0x0000000082d00000, 0x0000000082d00000| Complete 
|  45|0x0000000082d00000, 0x0000000082e00000, 0x0000000082e00000|100%| O|  |TAMS 0x0000000082e00000, 0x0000000082e00000| Untracked 
|  46|0x0000000082e00000, 0x0000000082f00000, 0x0000000082f00000|100%| O|  |TAMS 0x0000000082f00000, 0x0000000082f00000| Untracked 
|  47|0x0000000082f00000, 0x0000000083000000, 0x0000000083000000|100%| O|  |TAMS 0x0000000083000000, 0x0000000083000000| Untracked 
|  48|0x0000000083000000, 0x0000000083100000, 0x0000000083100000|100%| O|  |TAMS 0x0000000083100000, 0x0000000083100000| Untracked 
|  49|0x0000000083100000, 0x0000000083200000, 0x0000000083200000|100%| O|  |TAMS 0x0000000083200000, 0x0000000083200000| Untracked 
|  50|0x0000000083200000, 0x0000000083300000, 0x0000000083300000|100%| O|  |TAMS 0x0000000083300000, 0x0000000083300000| Untracked 
|  51|0x0000000083300000, 0x0000000083400000, 0x0000000083400000|100%| O|  |TAMS 0x0000000083400000, 0x0000000083400000| Untracked 
|  52|0x0000000083400000, 0x0000000083500000, 0x0000000083500000|100%| O|  |TAMS 0x0000000083500000, 0x0000000083500000| Untracked 
|  53|0x0000000083500000, 0x0000000083600000, 0x0000000083600000|100%| O|  |TAMS 0x0000000083600000, 0x0000000083600000| Untracked 
|  54|0x0000000083600000, 0x0000000083700000, 0x0000000083700000|100%| O|  |TAMS 0x0000000083700000, 0x0000000083700000| Untracked 
|  55|0x0000000083700000, 0x0000000083800000, 0x0000000083800000|100%| O|  |TAMS 0x0000000083800000, 0x0000000083800000| Untracked 
|  56|0x0000000083800000, 0x0000000083900000, 0x0000000083900000|100%| O|  |TAMS 0x0000000083900000, 0x0000000083900000| Untracked 
|  57|0x0000000083900000, 0x0000000083a00000, 0x0000000083a00000|100%| O|  |TAMS 0x0000000083a00000, 0x0000000083a00000| Untracked 
|  58|0x0000000083a00000, 0x0000000083b00000, 0x0000000083b00000|100%| O|  |TAMS 0x0000000083b00000, 0x0000000083b00000| Untracked 
|  59|0x0000000083b00000, 0x0000000083c00000, 0x0000000083c00000|100%| O|  |TAMS 0x0000000083c00000, 0x0000000083c00000| Untracked 
|  60|0x0000000083c00000, 0x0000000083d00000, 0x0000000083d00000|100%| O|  |TAMS 0x0000000083d00000, 0x0000000083d00000| Untracked 
|  61|0x0000000083d00000, 0x0000000083e00000, 0x0000000083e00000|100%| O|  |TAMS 0x0000000083e00000, 0x0000000083e00000| Untracked 
|  62|0x0000000083e00000, 0x0000000083f00000, 0x0000000083f00000|100%| O|  |TAMS 0x0000000083f00000, 0x0000000083f00000| Untracked 
|  63|0x0000000083f00000, 0x0000000084000000, 0x0000000084000000|100%| O|  |TAMS 0x0000000084000000, 0x0000000084000000| Untracked 
|  64|0x0000000084000000, 0x0000000084100000, 0x0000000084100000|100%| O|  |TAMS 0x0000000084100000, 0x0000000084100000| Untracked 
|  65|0x0000000084100000, 0x0000000084200000, 0x0000000084200000|100%| O|  |TAMS 0x0000000084200000, 0x0000000084200000| Untracked 
|  66|0x0000000084200000, 0x0000000084300000, 0x0000000084300000|100%| O|  |TAMS 0x0000000084300000, 0x0000000084300000| Untracked 
|  67|0x0000000084300000, 0x0000000084400000, 0x0000000084400000|100%| O|  |TAMS 0x0000000084400000, 0x0000000084400000| Untracked 
|  68|0x0000000084400000, 0x0000000084500000, 0x0000000084500000|100%| O|  |TAMS 0x0000000084500000, 0x0000000084500000| Untracked 
|  69|0x0000000084500000, 0x0000000084600000, 0x0000000084600000|100%| O|  |TAMS 0x0000000084600000, 0x0000000084600000| Untracked 
|  70|0x0000000084600000, 0x0000000084700000, 0x0000000084700000|100%| O|  |TAMS 0x0000000084700000, 0x0000000084700000| Untracked 
|  71|0x0000000084700000, 0x0000000084800000, 0x0000000084800000|100%| O|  |TAMS 0x0000000084800000, 0x0000000084800000| Untracked 
|  72|0x0000000084800000, 0x0000000084900000, 0x0000000084900000|100%| O|  |TAMS 0x0000000084900000, 0x0000000084900000| Untracked 
|  73|0x0000000084900000, 0x0000000084a00000, 0x0000000084a00000|100%|HS|  |TAMS 0x0000000084a00000, 0x0000000084a00000| Complete 
|  74|0x0000000084a00000, 0x0000000084b00000, 0x0000000084b00000|100%|HC|  |TAMS 0x0000000084b00000, 0x0000000084b00000| Complete 
|  75|0x0000000084b00000, 0x0000000084c00000, 0x0000000084c00000|100%| O|  |TAMS 0x0000000084c00000, 0x0000000084c00000| Untracked 
|  76|0x0000000084c00000, 0x0000000084d00000, 0x0000000084d00000|100%| O|  |TAMS 0x0000000084d00000, 0x0000000084d00000| Untracked 
|  77|0x0000000084d00000, 0x0000000084e00000, 0x0000000084e00000|100%| O|  |TAMS 0x0000000084e00000, 0x0000000084e00000| Untracked 
|  78|0x0000000084e00000, 0x0000000084f00000, 0x0000000084f00000|100%| O|  |TAMS 0x0000000084f00000, 0x0000000084f00000| Untracked 
|  79|0x0000000084f00000, 0x0000000085000000, 0x0000000085000000|100%| O|  |TAMS 0x0000000085000000, 0x0000000085000000| Untracked 
|  80|0x0000000085000000, 0x0000000085100000, 0x0000000085100000|100%|HS|  |TAMS 0x0000000085100000, 0x0000000085100000| Complete 
|  81|0x0000000085100000, 0x0000000085200000, 0x0000000085200000|100%|HC|  |TAMS 0x0000000085200000, 0x0000000085200000| Complete 
|  82|0x0000000085200000, 0x0000000085300000, 0x0000000085300000|100%|HS|  |TAMS 0x0000000085300000, 0x0000000085300000| Complete 
|  83|0x0000000085300000, 0x0000000085400000, 0x0000000085400000|100%| O|  |TAMS 0x0000000085400000, 0x0000000085400000| Untracked 
|  84|0x0000000085400000, 0x0000000085500000, 0x0000000085500000|100%| O|  |TAMS 0x0000000085500000, 0x0000000085500000| Untracked 
|  85|0x0000000085500000, 0x0000000085600000, 0x0000000085600000|100%| O|  |TAMS 0x0000000085600000, 0x0000000085600000| Untracked 
|  86|0x0000000085600000, 0x0000000085700000, 0x0000000085700000|100%| O|  |TAMS 0x0000000085700000, 0x0000000085700000| Untracked 
|  87|0x0000000085700000, 0x0000000085800000, 0x0000000085800000|100%| O|  |TAMS 0x0000000085800000, 0x0000000085800000| Untracked 
|  88|0x0000000085800000, 0x0000000085900000, 0x0000000085900000|100%| O|  |TAMS 0x0000000085900000, 0x0000000085900000| Untracked 
|  89|0x0000000085900000, 0x0000000085a00000, 0x0000000085a00000|100%| O|  |TAMS 0x0000000085a00000, 0x0000000085a00000| Untracked 
|  90|0x0000000085a00000, 0x0000000085b00000, 0x0000000085b00000|100%| O|  |TAMS 0x0000000085b00000, 0x0000000085b00000| Untracked 
|  91|0x0000000085b00000, 0x0000000085c00000, 0x0000000085c00000|100%|HS|  |TAMS 0x0000000085c00000, 0x0000000085c00000| Complete 
|  92|0x0000000085c00000, 0x0000000085d00000, 0x0000000085d00000|100%|HS|  |TAMS 0x0000000085d00000, 0x0000000085d00000| Complete 
|  93|0x0000000085d00000, 0x0000000085e00000, 0x0000000085e00000|100%|HS|  |TAMS 0x0000000085e00000, 0x0000000085e00000| Complete 
|  94|0x0000000085e00000, 0x0000000085f00000, 0x0000000085f00000|100%|HC|  |TAMS 0x0000000085f00000, 0x0000000085f00000| Complete 
|  95|0x0000000085f00000, 0x0000000086000000, 0x0000000086000000|100%|HC|  |TAMS 0x0000000086000000, 0x0000000086000000| Complete 
|  96|0x0000000086000000, 0x0000000086100000, 0x0000000086100000|100%| O|  |TAMS 0x0000000086100000, 0x0000000086100000| Untracked 
|  97|0x0000000086100000, 0x0000000086200000, 0x0000000086200000|100%| O|  |TAMS 0x0000000086200000, 0x0000000086200000| Untracked 
|  98|0x0000000086200000, 0x0000000086300000, 0x0000000086300000|100%| O|  |TAMS 0x0000000086300000, 0x0000000086300000| Untracked 
|  99|0x0000000086300000, 0x0000000086400000, 0x0000000086400000|100%| O|  |TAMS 0x0000000086400000, 0x0000000086400000| Untracked 
| 100|0x0000000086400000, 0x0000000086500000, 0x0000000086500000|100%| O|  |TAMS 0x0000000086500000, 0x0000000086500000| Untracked 
| 101|0x0000000086500000, 0x0000000086600000, 0x0000000086600000|100%| O|  |TAMS 0x0000000086600000, 0x0000000086600000| Untracked 
| 102|0x0000000086600000, 0x0000000086700000, 0x0000000086700000|100%| O|  |TAMS 0x0000000086700000, 0x0000000086700000| Untracked 
| 103|0x0000000086700000, 0x0000000086800000, 0x0000000086800000|100%| O|  |TAMS 0x0000000086800000, 0x0000000086800000| Untracked 
| 104|0x0000000086800000, 0x0000000086900000, 0x0000000086900000|100%| O|  |TAMS 0x0000000086900000, 0x0000000086900000| Untracked 
| 105|0x0000000086900000, 0x0000000086a00000, 0x0000000086a00000|100%| O|  |TAMS 0x0000000086a00000, 0x0000000086a00000| Untracked 
| 106|0x0000000086a00000, 0x0000000086b00000, 0x0000000086b00000|100%| O|  |TAMS 0x0000000086b00000, 0x0000000086b00000| Untracked 
| 107|0x0000000086b00000, 0x0000000086c00000, 0x0000000086c00000|100%| O|  |TAMS 0x0000000086c00000, 0x0000000086c00000| Untracked 
| 108|0x0000000086c00000, 0x0000000086d00000, 0x0000000086d00000|100%| O|  |TAMS 0x0000000086d00000, 0x0000000086d00000| Untracked 
| 109|0x0000000086d00000, 0x0000000086e00000, 0x0000000086e00000|100%| O|  |TAMS 0x0000000086e00000, 0x0000000086e00000| Untracked 
| 110|0x0000000086e00000, 0x0000000086f00000, 0x0000000086f00000|100%| O|  |TAMS 0x0000000086f00000, 0x0000000086f00000| Untracked 
| 111|0x0000000086f00000, 0x0000000087000000, 0x0000000087000000|100%| O|  |TAMS 0x0000000087000000, 0x0000000087000000| Untracked 
| 112|0x0000000087000000, 0x0000000087100000, 0x0000000087100000|100%| O|  |TAMS 0x0000000087100000, 0x0000000087100000| Untracked 
| 113|0x0000000087100000, 0x0000000087200000, 0x0000000087200000|100%| O|  |TAMS 0x0000000087200000, 0x0000000087200000| Untracked 
| 114|0x0000000087200000, 0x0000000087300000, 0x0000000087300000|100%|HS|  |TAMS 0x0000000087300000, 0x0000000087300000| Complete 
| 115|0x0000000087300000, 0x0000000087400000, 0x0000000087400000|100%|HS|  |TAMS 0x0000000087400000, 0x0000000087400000| Complete 
| 116|0x0000000087400000, 0x0000000087500000, 0x0000000087500000|100%|HC|  |TAMS 0x0000000087500000, 0x0000000087500000| Complete 
| 117|0x0000000087500000, 0x0000000087600000, 0x0000000087600000|100%|HC|  |TAMS 0x0000000087600000, 0x0000000087600000| Complete 
| 118|0x0000000087600000, 0x0000000087700000, 0x0000000087700000|100%| O|  |TAMS 0x0000000087700000, 0x0000000087700000| Untracked 
| 119|0x0000000087700000, 0x0000000087800000, 0x0000000087800000|100%| O|  |TAMS 0x0000000087800000, 0x0000000087800000| Untracked 
| 120|0x0000000087800000, 0x0000000087900000, 0x0000000087900000|100%| O|  |TAMS 0x0000000087900000, 0x0000000087900000| Untracked 
| 121|0x0000000087900000, 0x0000000087a00000, 0x0000000087a00000|100%| O|  |TAMS 0x0000000087a00000, 0x0000000087a00000| Untracked 
| 122|0x0000000087a00000, 0x0000000087b00000, 0x0000000087b00000|100%| O|  |TAMS 0x0000000087b00000, 0x0000000087b00000| Untracked 
| 123|0x0000000087b00000, 0x0000000087c00000, 0x0000000087c00000|100%| O|  |TAMS 0x0000000087c00000, 0x0000000087c00000| Untracked 
| 124|0x0000000087c00000, 0x0000000087d00000, 0x0000000087d00000|100%| O|  |TAMS 0x0000000087d00000, 0x0000000087d00000| Untracked 
| 125|0x0000000087d00000, 0x0000000087e00000, 0x0000000087e00000|100%| O|  |TAMS 0x0000000087e00000, 0x0000000087e00000| Untracked 
| 126|0x0000000087e00000, 0x0000000087f00000, 0x0000000087f00000|100%| O|  |TAMS 0x0000000087f00000, 0x0000000087f00000| Untracked 
| 127|0x0000000087f00000, 0x0000000088000000, 0x0000000088000000|100%| O|  |TAMS 0x0000000088000000, 0x0000000088000000| Untracked 
| 128|0x0000000088000000, 0x0000000088100000, 0x0000000088100000|100%|HS|  |TAMS 0x0000000088100000, 0x0000000088100000| Complete 
| 129|0x0000000088100000, 0x0000000088200000, 0x0000000088200000|100%| O|  |TAMS 0x0000000088200000, 0x0000000088200000| Untracked 
| 130|0x0000000088200000, 0x0000000088300000, 0x0000000088300000|100%| O|  |TAMS 0x0000000088300000, 0x0000000088300000| Untracked 
| 131|0x0000000088300000, 0x0000000088400000, 0x0000000088400000|100%| O|  |TAMS 0x0000000088400000, 0x0000000088400000| Untracked 
| 132|0x0000000088400000, 0x0000000088500000, 0x0000000088500000|100%| O|  |TAMS 0x0000000088500000, 0x0000000088500000| Untracked 
| 133|0x0000000088500000, 0x0000000088600000, 0x0000000088600000|100%| O|  |TAMS 0x0000000088600000, 0x0000000088600000| Untracked 
| 134|0x0000000088600000, 0x0000000088700000, 0x0000000088700000|100%| O|  |TAMS 0x0000000088700000, 0x0000000088700000| Untracked 
| 135|0x0000000088700000, 0x0000000088800000, 0x0000000088800000|100%| O|  |TAMS 0x0000000088800000, 0x0000000088800000| Untracked 
| 136|0x0000000088800000, 0x0000000088900000, 0x0000000088900000|100%| O|  |TAMS 0x0000000088900000, 0x0000000088900000| Untracked 
| 137|0x0000000088900000, 0x0000000088a00000, 0x0000000088a00000|100%| O|  |TAMS 0x0000000088a00000, 0x0000000088a00000| Untracked 
| 138|0x0000000088a00000, 0x0000000088b00000, 0x0000000088b00000|100%| O|  |TAMS 0x0000000088b00000, 0x0000000088b00000| Untracked 
| 139|0x0000000088b00000, 0x0000000088c00000, 0x0000000088c00000|100%| O|  |TAMS 0x0000000088c00000, 0x0000000088c00000| Untracked 
| 140|0x0000000088c00000, 0x0000000088d00000, 0x0000000088d00000|100%| O|  |TAMS 0x0000000088d00000, 0x0000000088d00000| Untracked 
| 141|0x0000000088d00000, 0x0000000088e00000, 0x0000000088e00000|100%| O|  |TAMS 0x0000000088e00000, 0x0000000088e00000| Untracked 
| 142|0x0000000088e00000, 0x0000000088f00000, 0x0000000088f00000|100%| O|  |TAMS 0x0000000088f00000, 0x0000000088f00000| Untracked 
| 143|0x0000000088f00000, 0x0000000089000000, 0x0000000089000000|100%|HS|  |TAMS 0x0000000089000000, 0x0000000089000000| Complete 
| 144|0x0000000089000000, 0x0000000089100000, 0x0000000089100000|100%|HS|  |TAMS 0x0000000089100000, 0x0000000089100000| Complete 
| 145|0x0000000089100000, 0x0000000089200000, 0x0000000089200000|100%|HS|  |TAMS 0x0000000089200000, 0x0000000089200000| Complete 
| 146|0x0000000089200000, 0x0000000089300000, 0x0000000089300000|100%|HS|  |TAMS 0x0000000089300000, 0x0000000089300000| Complete 
| 147|0x0000000089300000, 0x0000000089400000, 0x0000000089400000|100%|HC|  |TAMS 0x0000000089400000, 0x0000000089400000| Complete 
| 148|0x0000000089400000, 0x0000000089500000, 0x0000000089500000|100%|HC|  |TAMS 0x0000000089500000, 0x0000000089500000| Complete 
| 149|0x0000000089500000, 0x0000000089600000, 0x0000000089600000|100%| O|  |TAMS 0x0000000089600000, 0x0000000089600000| Untracked 
| 150|0x0000000089600000, 0x0000000089700000, 0x0000000089700000|100%| O|  |TAMS 0x0000000089700000, 0x0000000089700000| Untracked 
| 151|0x0000000089700000, 0x0000000089800000, 0x0000000089800000|100%| O|  |TAMS 0x0000000089800000, 0x0000000089800000| Untracked 
| 152|0x0000000089800000, 0x0000000089900000, 0x0000000089900000|100%| O|  |TAMS 0x0000000089900000, 0x0000000089900000| Untracked 
| 153|0x0000000089900000, 0x0000000089a00000, 0x0000000089a00000|100%| O|  |TAMS 0x0000000089a00000, 0x0000000089a00000| Untracked 
| 154|0x0000000089a00000, 0x0000000089b00000, 0x0000000089b00000|100%| O|  |TAMS 0x0000000089b00000, 0x0000000089b00000| Untracked 
| 155|0x0000000089b00000, 0x0000000089c00000, 0x0000000089c00000|100%| O|  |TAMS 0x0000000089c00000, 0x0000000089c00000| Untracked 
| 156|0x0000000089c00000, 0x0000000089d00000, 0x0000000089d00000|100%| O|  |TAMS 0x0000000089d00000, 0x0000000089d00000| Untracked 
| 157|0x0000000089d00000, 0x0000000089e00000, 0x0000000089e00000|100%| O|  |TAMS 0x0000000089e00000, 0x0000000089e00000| Untracked 
| 158|0x0000000089e00000, 0x0000000089f00000, 0x0000000089f00000|100%| O|  |TAMS 0x0000000089f00000, 0x0000000089f00000| Untracked 
| 159|0x0000000089f00000, 0x000000008a000000, 0x000000008a000000|100%| O|  |TAMS 0x000000008a000000, 0x000000008a000000| Untracked 
| 160|0x000000008a000000, 0x000000008a100000, 0x000000008a100000|100%| O|  |TAMS 0x000000008a100000, 0x000000008a100000| Untracked 
| 161|0x000000008a100000, 0x000000008a200000, 0x000000008a200000|100%| O|  |TAMS 0x000000008a200000, 0x000000008a200000| Untracked 
| 162|0x000000008a200000, 0x000000008a300000, 0x000000008a300000|100%| O|  |TAMS 0x000000008a300000, 0x000000008a300000| Untracked 
| 163|0x000000008a300000, 0x000000008a400000, 0x000000008a400000|100%| O|  |TAMS 0x000000008a400000, 0x000000008a400000| Untracked 
| 164|0x000000008a400000, 0x000000008a500000, 0x000000008a500000|100%| O|  |TAMS 0x000000008a500000, 0x000000008a500000| Untracked 
| 165|0x000000008a500000, 0x000000008a600000, 0x000000008a600000|100%| O|  |TAMS 0x000000008a600000, 0x000000008a600000| Untracked 
| 166|0x000000008a600000, 0x000000008a700000, 0x000000008a700000|100%| O|  |TAMS 0x000000008a659800, 0x000000008a700000| Untracked 
| 167|0x000000008a700000, 0x000000008a800000, 0x000000008a800000|100%| O|  |TAMS 0x000000008a700000, 0x000000008a800000| Untracked 
| 168|0x000000008a800000, 0x000000008a900000, 0x000000008a900000|100%| O|  |TAMS 0x000000008a800000, 0x000000008a900000| Untracked 
| 169|0x000000008a900000, 0x000000008aa00000, 0x000000008aa00000|100%| O|  |TAMS 0x000000008a900000, 0x000000008aa00000| Untracked 
| 170|0x000000008aa00000, 0x000000008ab00000, 0x000000008ab00000|100%| O|  |TAMS 0x000000008aa00000, 0x000000008ab00000| Untracked 
| 171|0x000000008ab00000, 0x000000008ac00000, 0x000000008ac00000|100%| O|  |TAMS 0x000000008ab00000, 0x000000008ac00000| Untracked 
| 172|0x000000008ac00000, 0x000000008ac55600, 0x000000008ad00000| 33%| O|  |TAMS 0x000000008ac00000, 0x000000008ac55600| Untracked 
| 173|0x000000008ad00000, 0x000000008ad00000, 0x000000008ae00000|  0%| F|  |TAMS 0x000000008ad00000, 0x000000008ad00000| Untracked 
| 174|0x000000008ae00000, 0x000000008ae00000, 0x000000008af00000|  0%| F|  |TAMS 0x000000008ae00000, 0x000000008ae00000| Untracked 
| 175|0x000000008af00000, 0x000000008af00000, 0x000000008b000000|  0%| F|  |TAMS 0x000000008af00000, 0x000000008af00000| Untracked 
| 176|0x000000008b000000, 0x000000008b000000, 0x000000008b100000|  0%| F|  |TAMS 0x000000008b000000, 0x000000008b000000| Untracked 
| 177|0x000000008b100000, 0x000000008b100000, 0x000000008b200000|  0%| F|  |TAMS 0x000000008b100000, 0x000000008b100000| Untracked 
| 178|0x000000008b200000, 0x000000008b200000, 0x000000008b300000|  0%| F|  |TAMS 0x000000008b200000, 0x000000008b200000| Untracked 
| 179|0x000000008b300000, 0x000000008b300000, 0x000000008b400000|  0%| F|  |TAMS 0x000000008b300000, 0x000000008b300000| Untracked 
| 180|0x000000008b400000, 0x000000008b400000, 0x000000008b500000|  0%| F|  |TAMS 0x000000008b400000, 0x000000008b400000| Untracked 
| 181|0x000000008b500000, 0x000000008b500000, 0x000000008b600000|  0%| F|  |TAMS 0x000000008b500000, 0x000000008b500000| Untracked 
| 182|0x000000008b600000, 0x000000008b600000, 0x000000008b700000|  0%| F|  |TAMS 0x000000008b600000, 0x000000008b600000| Untracked 
| 183|0x000000008b700000, 0x000000008b700000, 0x000000008b800000|  0%| F|  |TAMS 0x000000008b700000, 0x000000008b700000| Untracked 
| 184|0x000000008b800000, 0x000000008b800000, 0x000000008b900000|  0%| F|  |TAMS 0x000000008b800000, 0x000000008b800000| Untracked 
| 185|0x000000008b900000, 0x000000008b900000, 0x000000008ba00000|  0%| F|  |TAMS 0x000000008b900000, 0x000000008b900000| Untracked 
| 186|0x000000008ba00000, 0x000000008ba00000, 0x000000008bb00000|  0%| F|  |TAMS 0x000000008ba00000, 0x000000008ba00000| Untracked 
| 187|0x000000008bb00000, 0x000000008bb00000, 0x000000008bc00000|  0%| F|  |TAMS 0x000000008bb00000, 0x000000008bb00000| Untracked 
| 188|0x000000008bc00000, 0x000000008bc00000, 0x000000008bd00000|  0%| F|  |TAMS 0x000000008bc00000, 0x000000008bc00000| Untracked 
| 189|0x000000008bd00000, 0x000000008bd00000, 0x000000008be00000|  0%| F|  |TAMS 0x000000008bd00000, 0x000000008bd00000| Untracked 
| 190|0x000000008be00000, 0x000000008be00000, 0x000000008bf00000|  0%| F|  |TAMS 0x000000008be00000, 0x000000008be00000| Untracked 
| 191|0x000000008bf00000, 0x000000008bf00000, 0x000000008c000000|  0%| F|  |TAMS 0x000000008bf00000, 0x000000008bf00000| Untracked 
| 192|0x000000008c000000, 0x000000008c000000, 0x000000008c100000|  0%| F|  |TAMS 0x000000008c000000, 0x000000008c000000| Untracked 
| 193|0x000000008c100000, 0x000000008c100000, 0x000000008c200000|  0%| F|  |TAMS 0x000000008c100000, 0x000000008c100000| Untracked 
| 194|0x000000008c200000, 0x000000008c200000, 0x000000008c300000|  0%| F|  |TAMS 0x000000008c200000, 0x000000008c200000| Untracked 
| 195|0x000000008c300000, 0x000000008c300000, 0x000000008c400000|  0%| F|  |TAMS 0x000000008c300000, 0x000000008c300000| Untracked 
| 196|0x000000008c400000, 0x000000008c400000, 0x000000008c500000|  0%| F|  |TAMS 0x000000008c400000, 0x000000008c400000| Untracked 
| 197|0x000000008c500000, 0x000000008c500000, 0x000000008c600000|  0%| F|  |TAMS 0x000000008c500000, 0x000000008c500000| Untracked 
| 198|0x000000008c600000, 0x000000008c600000, 0x000000008c700000|  0%| F|  |TAMS 0x000000008c600000, 0x000000008c600000| Untracked 
| 199|0x000000008c700000, 0x000000008c700000, 0x000000008c800000|  0%| F|  |TAMS 0x000000008c700000, 0x000000008c700000| Untracked 
| 200|0x000000008c800000, 0x000000008c800000, 0x000000008c900000|  0%| F|  |TAMS 0x000000008c800000, 0x000000008c800000| Untracked 
| 201|0x000000008c900000, 0x000000008c900000, 0x000000008ca00000|  0%| F|  |TAMS 0x000000008c900000, 0x000000008c900000| Untracked 
| 202|0x000000008ca00000, 0x000000008ca00000, 0x000000008cb00000|  0%| F|  |TAMS 0x000000008ca00000, 0x000000008ca00000| Untracked 
| 203|0x000000008cb00000, 0x000000008cbaa160, 0x000000008cc00000| 66%| S|CS|TAMS 0x000000008cb00000, 0x000000008cb00000| Complete 
| 204|0x000000008cc00000, 0x000000008cc00000, 0x000000008cd00000|  0%| F|  |TAMS 0x000000008cc00000, 0x000000008cc00000| Untracked 
| 205|0x000000008cd00000, 0x000000008cd00000, 0x000000008ce00000|  0%| F|  |TAMS 0x000000008cd00000, 0x000000008cd00000| Untracked 
| 206|0x000000008ce00000, 0x000000008ce00000, 0x000000008cf00000|  0%| F|  |TAMS 0x000000008ce00000, 0x000000008ce00000| Untracked 
| 207|0x000000008cf00000, 0x000000008d000000, 0x000000008d000000|100%| S|CS|TAMS 0x000000008cf00000, 0x000000008cf00000| Complete 
| 208|0x000000008d000000, 0x000000008d000000, 0x000000008d100000|  0%| F|  |TAMS 0x000000008d000000, 0x000000008d000000| Untracked 
| 209|0x000000008d100000, 0x000000008d100000, 0x000000008d200000|  0%| F|  |TAMS 0x000000008d100000, 0x000000008d100000| Untracked 
| 210|0x000000008d200000, 0x000000008d200000, 0x000000008d300000|  0%| F|  |TAMS 0x000000008d200000, 0x000000008d200000| Untracked 
| 211|0x000000008d300000, 0x000000008d300000, 0x000000008d400000|  0%| F|  |TAMS 0x000000008d300000, 0x000000008d300000| Untracked 
| 212|0x000000008d400000, 0x000000008d400000, 0x000000008d500000|  0%| F|  |TAMS 0x000000008d400000, 0x000000008d400000| Untracked 
| 213|0x000000008d500000, 0x000000008d500000, 0x000000008d600000|  0%| F|  |TAMS 0x000000008d500000, 0x000000008d500000| Untracked 
| 214|0x000000008d600000, 0x000000008d600000, 0x000000008d700000|  0%| F|  |TAMS 0x000000008d600000, 0x000000008d600000| Untracked 
| 215|0x000000008d700000, 0x000000008d700000, 0x000000008d800000|  0%| F|  |TAMS 0x000000008d700000, 0x000000008d700000| Untracked 
| 216|0x000000008d800000, 0x000000008d800000, 0x000000008d900000|  0%| F|  |TAMS 0x000000008d800000, 0x000000008d800000| Untracked 
| 217|0x000000008d900000, 0x000000008d900000, 0x000000008da00000|  0%| F|  |TAMS 0x000000008d900000, 0x000000008d900000| Untracked 
| 218|0x000000008da00000, 0x000000008da00000, 0x000000008db00000|  0%| F|  |TAMS 0x000000008da00000, 0x000000008da00000| Untracked 
| 219|0x000000008db00000, 0x000000008db00000, 0x000000008dc00000|  0%| F|  |TAMS 0x000000008db00000, 0x000000008db00000| Untracked 
| 220|0x000000008dc00000, 0x000000008dc00000, 0x000000008dd00000|  0%| F|  |TAMS 0x000000008dc00000, 0x000000008dc00000| Untracked 
| 221|0x000000008dd00000, 0x000000008dd00000, 0x000000008de00000|  0%| F|  |TAMS 0x000000008dd00000, 0x000000008dd00000| Untracked 

Card table byte_map: [0x000001576da80000,0x000001576de80000] _byte_map_base: 0x000001576d680000

Marking Bits (Prev, Next): (CMBitMap*) 0x0000015755f468d0, (CMBitMap*) 0x0000015755f46898
 Prev Bits: [0x0000015770280000, 0x0000015772280000)
 Next Bits: [0x000001576e280000, 0x0000015770280000)

Polling page: 0x0000015753e90000

Metaspace:

Usage:
  Non-class:     98.04 MB capacity,    95.18 MB ( 97%) used,     2.52 MB (  3%) free+waste,   344.06 KB ( <1%) overhead. 
      Class:     15.97 MB capacity,    14.29 MB ( 89%) used,     1.53 MB ( 10%) free+waste,   160.31 KB ( <1%) overhead. 
       Both:    114.02 MB capacity,   109.47 MB ( 96%) used,     4.05 MB (  4%) free+waste,   504.38 KB ( <1%) overhead. 

Virtual space:
  Non-class space:      102.00 MB reserved,      98.26 MB ( 96%) committed 
      Class space:      504.00 MB reserved,      16.07 MB (  3%) committed 
             Both:      606.00 MB reserved,     114.33 MB ( 19%) committed 

Chunk freelists:
   Non-Class:  29.00 KB
       Class:  27.00 KB
        Both:  56.00 KB

MaxMetaspaceSize: 512.00 MB
CompressedClassSpaceSize: 504.00 MB
Initial GC threshold: 20.80 MB
Current GC threshold: 189.51 MB
CDS: off

CodeHeap 'non-profiled nmethods': size=120064Kb used=9278Kb max_used=9278Kb free=110786Kb
 bounds [0x0000015766140000, 0x0000015766a50000, 0x000001576d680000]
CodeHeap 'profiled nmethods': size=120000Kb used=31533Kb max_used=31533Kb free=88466Kb
 bounds [0x000001575ec10000, 0x0000015760ae0000, 0x0000015766140000]
CodeHeap 'non-nmethods': size=5696Kb used=2405Kb max_used=2449Kb free=3290Kb
 bounds [0x000001575e680000, 0x000001575e8f0000, 0x000001575ec10000]
 total_blobs=14861 nmethods=13930 adapters=842
 compilation: enabled
              stopped_count=0, restarted_count=0
 full_count=0

Compilation events (20 events):
Event: 91.641 Thread 0x00000157750c7800 13994       3       org.gradle.api.internal.artifacts.transform.DefaultExtraExecutionGraphDependenciesResolverFactory$$Lambda$632/0x00000001006c1440::dependenciesFor (5 bytes)
Event: 91.642 Thread 0x00000157750c7800 nmethod 13994 0x0000015760ad7590 code [0x0000015760ad7740, 0x0000015760ad7898]
Event: 91.642 Thread 0x00000157750c7800 13995       3       org.gradle.api.internal.artifacts.transform.TransformationStep::visitTransformationSteps (8 bytes)
Event: 91.642 Thread 0x00000157750c7800 nmethod 13995 0x0000015760ad7990 code [0x0000015760ad7b40, 0x0000015760ad7d08]
Event: 91.642 Thread 0x00000157750c7800 13996       3       org.gradle.api.internal.artifacts.transform.AbstractTransformedArtifactSet$$Lambda$1241/0x0000000100fe6040::execute (16 bytes)
Event: 91.642 Thread 0x00000157750c7800 nmethod 13996 0x0000015760ad7e10 code [0x0000015760ad8000, 0x0000015760ad8558]
Event: 91.643 Thread 0x00000157750c7800 13997       3       org.gradle.api.internal.artifacts.transform.TransformationChain::visitTransformationSteps (21 bytes)
Event: 91.643 Thread 0x00000157750c7800 nmethod 13997 0x0000015760ad8790 code [0x0000015760ad8960, 0x0000015760ad8bf8]
Event: 91.644 Thread 0x00000157750c7800 13998       3       org.gradle.api.DefaultTask::compareTo (9 bytes)
Event: 91.645 Thread 0x00000157750c7800 nmethod 13998 0x0000015760ad8d10 code [0x0000015760ad8ee0, 0x0000015760ad91e8]
Event: 91.881 Thread 0x00000157750c7800 13999       3       java.net.URI::toString (16 bytes)
Event: 91.881 Thread 0x00000157750c7800 nmethod 13999 0x0000015760ad9310 code [0x0000015760ad94c0, 0x0000015760ad9628]
Event: 91.882 Thread 0x00000157750c7800 14000       3       org.gradle.internal.authentication.DefaultAuthenticationContainer_Decorated::getStore (40 bytes)
Event: 91.882 Thread 0x00000157750c7800 nmethod 14000 0x0000015760ad9710 code [0x0000015760ad9940, 0x0000015760ada068]
Event: 91.883 Thread 0x00000157750c7800 14001       3       org.gradle.api.internal.file.AbstractFileResolver::resolveUri (6 bytes)
Event: 91.883 Thread 0x00000157750c7800 nmethod 14001 0x0000015760ada290 code [0x0000015760ada440, 0x0000015760ada5e8]
Event: 91.883 Thread 0x00000157750c7800 14002       3       org.gradle.api.internal.artifacts.repositories.DefaultUrlArtifactRepository::getUrl (25 bytes)
Event: 91.883 Thread 0x00000157750c7800 nmethod 14002 0x0000015760ada690 code [0x0000015760ada860, 0x0000015760adaa88]
Event: 91.901 Thread 0x00000157750c7800 14003       3       org.gradle.api.internal.artifacts.ivyservice.resolveengine.graph.selectors.SelectorStateResolverResults::hasSoftForce (50 bytes)
Event: 91.902 Thread 0x00000157750c7800 nmethod 14003 0x0000015760adab90 code [0x0000015760adada0, 0x0000015760adb398]

GC Heap History (20 events):
Event: 85.858 GC heap after
{Heap after GC invocations=45 (full 0):
 garbage-first heap   total 189440K, used 161808K [0x0000000080000000, 0x0000000100000000)
  region size 1024K, 1 young (1024K), 1 survivors (1024K)
 Metaspace       used 105737K, capacity 110204K, committed 110292K, reserved 612352K
  class space    used 13821K, capacity 15522K, committed 15564K, reserved 516096K
}
Event: 86.035 GC heap before
{Heap before GC invocations=45 (full 0):
 garbage-first heap   total 189440K, used 170000K [0x0000000080000000, 0x0000000100000000)
  region size 1024K, 9 young (9216K), 1 survivors (1024K)
 Metaspace       used 106626K, capacity 111074K, committed 111188K, reserved 612352K
  class space    used 13940K, capacity 15619K, committed 15692K, reserved 516096K
}
Event: 86.040 GC heap after
{Heap after GC invocations=46 (full 0):
 garbage-first heap   total 189440K, used 162013K [0x0000000080000000, 0x0000000100000000)
  region size 1024K, 2 young (2048K), 2 survivors (2048K)
 Metaspace       used 106626K, capacity 111074K, committed 111188K, reserved 612352K
  class space    used 13940K, capacity 15619K, committed 15692K, reserved 516096K
}
Event: 86.336 GC heap before
{Heap before GC invocations=46 (full 0):
 garbage-first heap   total 189440K, used 169181K [0x0000000080000000, 0x0000000100000000)
  region size 1024K, 9 young (9216K), 2 survivors (2048K)
 Metaspace       used 107314K, capacity 111714K, committed 111828K, reserved 616448K
  class space    used 14084K, capacity 15747K, committed 15820K, reserved 516096K
}
Event: 86.341 GC heap after
{Heap after GC invocations=47 (full 0):
 garbage-first heap   total 189440K, used 162207K [0x0000000080000000, 0x0000000100000000)
  region size 1024K, 1 young (1024K), 1 survivors (1024K)
 Metaspace       used 107314K, capacity 111714K, committed 111828K, reserved 616448K
  class space    used 14084K, capacity 15747K, committed 15820K, reserved 516096K
}
Event: 86.993 GC heap before
{Heap before GC invocations=48 (full 0):
 garbage-first heap   total 189440K, used 170399K [0x0000000080000000, 0x0000000100000000)
  region size 1024K, 9 young (9216K), 1 survivors (1024K)
 Metaspace       used 108052K, capacity 112566K, committed 112724K, reserved 616448K
  class space    used 14178K, capacity 15892K, committed 15948K, reserved 516096K
}
Event: 86.999 GC heap after
{Heap after GC invocations=49 (full 0):
 garbage-first heap   total 189440K, used 162876K [0x0000000080000000, 0x0000000100000000)
  region size 1024K, 2 young (2048K), 2 survivors (2048K)
 Metaspace       used 108052K, capacity 112566K, committed 112724K, reserved 616448K
  class space    used 14178K, capacity 15892K, committed 15948K, reserved 516096K
}
Event: 87.424 GC heap before
{Heap before GC invocations=49 (full 0):
 garbage-first heap   total 189440K, used 170044K [0x0000000080000000, 0x0000000100000000)
  region size 1024K, 9 young (9216K), 2 survivors (2048K)
 Metaspace       used 109495K, capacity 113916K, committed 114132K, reserved 618496K
  class space    used 14334K, capacity 16022K, committed 16076K, reserved 516096K
}
Event: 87.431 GC heap after
{Heap after GC invocations=50 (full 0):
 garbage-first heap   total 189440K, used 163591K [0x0000000080000000, 0x0000000100000000)
  region size 1024K, 2 young (2048K), 2 survivors (2048K)
 Metaspace       used 109495K, capacity 113916K, committed 114132K, reserved 618496K
  class space    used 14334K, capacity 16022K, committed 16076K, reserved 516096K
}
Event: 87.695 GC heap before
{Heap before GC invocations=50 (full 0):
 garbage-first heap   total 189440K, used 169735K [0x0000000080000000, 0x0000000100000000)
  region size 1024K, 9 young (9216K), 2 survivors (2048K)
 Metaspace       used 109959K, capacity 114379K, committed 114516K, reserved 618496K
  class space    used 14385K, capacity 16090K, committed 16204K, reserved 516096K
}
Event: 87.701 GC heap after
{Heap after GC invocations=51 (full 0):
 garbage-first heap   total 189440K, used 163965K [0x0000000080000000, 0x0000000100000000)
  region size 1024K, 2 young (2048K), 2 survivors (2048K)
 Metaspace       used 109959K, capacity 114379K, committed 114516K, reserved 618496K
  class space    used 14385K, capacity 16090K, committed 16204K, reserved 516096K
}
Event: 87.973 GC heap before
{Heap before GC invocations=51 (full 0):
 garbage-first heap   total 189440K, used 171133K [0x0000000080000000, 0x0000000100000000)
  region size 1024K, 9 young (9216K), 2 survivors (2048K)
 Metaspace       used 110322K, capacity 114745K, committed 115028K, reserved 618496K
  class space    used 14431K, capacity 16125K, committed 16204K, reserved 516096K
}
Event: 87.981 GC heap after
{Heap after GC invocations=52 (full 0):
 garbage-first heap   total 227328K, used 164746K [0x0000000080000000, 0x0000000100000000)
  region size 1024K, 2 young (2048K), 2 survivors (2048K)
 Metaspace       used 110322K, capacity 114745K, committed 115028K, reserved 618496K
  class space    used 14431K, capacity 16125K, committed 16204K, reserved 516096K
}
Event: 88.904 GC heap before
{Heap before GC invocations=53 (full 0):
 garbage-first heap   total 227328K, used 183178K [0x0000000080000000, 0x0000000100000000)
  region size 1024K, 20 young (20480K), 2 survivors (2048K)
 Metaspace       used 111193K, capacity 115752K, committed 115924K, reserved 618496K
  class space    used 14538K, capacity 16250K, committed 16332K, reserved 516096K
}
Event: 88.917 GC heap after
{Heap after GC invocations=54 (full 0):
 garbage-first heap   total 227328K, used 167683K [0x0000000080000000, 0x0000000100000000)
  region size 1024K, 3 young (3072K), 3 survivors (3072K)
 Metaspace       used 111193K, capacity 115752K, committed 115924K, reserved 618496K
  class space    used 14538K, capacity 16250K, committed 16332K, reserved 516096K
}
Event: 89.953 GC heap before
{Heap before GC invocations=54 (full 0):
 garbage-first heap   total 227328K, used 186115K [0x0000000080000000, 0x0000000100000000)
  region size 1024K, 21 young (21504K), 3 survivors (3072K)
 Metaspace       used 111515K, capacity 116079K, committed 116180K, reserved 620544K
  class space    used 14564K, capacity 16310K, committed 16332K, reserved 516096K
}
Event: 89.976 GC heap after
{Heap after GC invocations=55 (full 0):
 garbage-first heap   total 227328K, used 173414K [0x0000000080000000, 0x0000000100000000)
  region size 1024K, 3 young (3072K), 3 survivors (3072K)
 Metaspace       used 111515K, capacity 116079K, committed 116180K, reserved 620544K
  class space    used 14564K, capacity 16310K, committed 16332K, reserved 516096K
}
Event: 90.904 GC heap before
{Heap before GC invocations=56 (full 0):
 garbage-first heap   total 227328K, used 188774K [0x0000000080000000, 0x0000000100000000)
  region size 1024K, 18 young (18432K), 3 survivors (3072K)
 Metaspace       used 111796K, capacity 116490K, committed 116692K, reserved 620544K
  class space    used 14594K, capacity 16315K, committed 16332K, reserved 516096K
}
Event: 90.919 GC heap after
{Heap after GC invocations=57 (full 0):
 garbage-first heap   total 227328K, used 176436K [0x0000000080000000, 0x0000000100000000)
  region size 1024K, 3 young (3072K), 3 survivors (3072K)
 Metaspace       used 111796K, capacity 116490K, committed 116692K, reserved 620544K
  class space    used 14594K, capacity 16315K, committed 16332K, reserved 516096K
}
Event: 91.913 GC heap before
{Heap before GC invocations=57 (full 0):
 garbage-first heap   total 227328K, used 190772K [0x0000000080000000, 0x0000000100000000)
  region size 1024K, 17 young (17408K), 3 survivors (3072K)
 Metaspace       used 112098K, capacity 116752K, committed 117076K, reserved 620544K
  class space    used 14629K, capacity 16357K, committed 16460K, reserved 516096K
}

Deoptimization events (20 events):
Event: 91.605 Thread 0x00000157750b4800 Uncommon trap: trap_request=0xffffffbe fr.pc=0x0000015766a4bf78 relative=0x00000000000004f8
Event: 91.605 Thread 0x00000157750b4800 Uncommon trap: reason=profile_predicate action=maybe_recompile pc=0x0000015766a4bf78 method=org.gradle.internal.Actions$CompositeAction.execute(Ljava/lang/Object;)V @ 16 c2
Event: 91.605 Thread 0x00000157750b4800 DEOPT PACKING pc=0x0000015766a4bf78 sp=0x000000068f0f97a0
Event: 91.605 Thread 0x00000157750b4800 DEOPT UNPACKING pc=0x000001575e6ca1af sp=0x000000068f0f9760 mode 2
Event: 91.605 Thread 0x00000157750b4800 Uncommon trap: trap_request=0xffffffbe fr.pc=0x0000015766a47950 relative=0x00000000000002f0
Event: 91.605 Thread 0x00000157750b4800 Uncommon trap: reason=profile_predicate action=maybe_recompile pc=0x0000015766a47950 method=org.gradle.internal.Actions$CompositeAction.execute(Ljava/lang/Object;)V @ 10 c2
Event: 91.605 Thread 0x00000157750b4800 DEOPT PACKING pc=0x0000015766a47950 sp=0x000000068f0f97a0
Event: 91.605 Thread 0x00000157750b4800 DEOPT UNPACKING pc=0x000001575e6ca1af sp=0x000000068f0f9768 mode 2
Event: 91.606 Thread 0x00000157750b4800 Uncommon trap: trap_request=0xffffffbe fr.pc=0x0000015766a4bf78 relative=0x00000000000004f8
Event: 91.606 Thread 0x00000157750b4800 Uncommon trap: reason=profile_predicate action=maybe_recompile pc=0x0000015766a4bf78 method=org.gradle.internal.Actions$CompositeAction.execute(Ljava/lang/Object;)V @ 16 c2
Event: 91.606 Thread 0x00000157750b4800 DEOPT PACKING pc=0x0000015766a4bf78 sp=0x000000068f0f97a0
Event: 91.606 Thread 0x00000157750b4800 DEOPT UNPACKING pc=0x000001575e6ca1af sp=0x000000068f0f9760 mode 2
Event: 91.606 Thread 0x00000157750b4800 Uncommon trap: trap_request=0xffffffbe fr.pc=0x0000015766a4bf78 relative=0x00000000000004f8
Event: 91.606 Thread 0x00000157750b4800 Uncommon trap: reason=profile_predicate action=maybe_recompile pc=0x0000015766a4bf78 method=org.gradle.internal.Actions$CompositeAction.execute(Ljava/lang/Object;)V @ 16 c2
Event: 91.606 Thread 0x00000157750b4800 DEOPT PACKING pc=0x0000015766a4bf78 sp=0x000000068f0f97a0
Event: 91.606 Thread 0x00000157750b4800 DEOPT UNPACKING pc=0x000001575e6ca1af sp=0x000000068f0f9760 mode 2
Event: 91.606 Thread 0x00000157750b4800 Uncommon trap: trap_request=0xffffffbe fr.pc=0x0000015766a47950 relative=0x00000000000002f0
Event: 91.606 Thread 0x00000157750b4800 Uncommon trap: reason=profile_predicate action=maybe_recompile pc=0x0000015766a47950 method=org.gradle.internal.Actions$CompositeAction.execute(Ljava/lang/Object;)V @ 10 c2
Event: 91.606 Thread 0x00000157750b4800 DEOPT PACKING pc=0x0000015766a47950 sp=0x000000068f0f9780
Event: 91.606 Thread 0x00000157750b4800 DEOPT UNPACKING pc=0x000001575e6ca1af sp=0x000000068f0f9758 mode 2

Classes redefined (0 events):
No events

Internal exceptions (20 events):
Event: 84.040 Thread 0x00000157750b4800 Exception <a 'java/lang/ClassNotFoundException'{0x000000008b4ee390}: java/nio/file/PathsBeanInfo> (0x000000008b4ee390) thrown at [./src/hotspot/share/classfile/systemDictionary.cpp, line 230]
Event: 84.041 Thread 0x00000157750b4800 Exception <a 'java/lang/ClassNotFoundException'{0x000000008b301518}: java/nio/file/PathsCustomizer> (0x000000008b301518) thrown at [./src/hotspot/share/classfile/systemDictionary.cpp, line 230]
Event: 84.432 Thread 0x00000157750b4800 Exception <a 'java/lang/NoClassDefFoundError'{0x000000008b4c55d8}: org/jetbrains/kotlin/gradle/plugin/KotlinBasePluginWrapper> (0x000000008b4c55d8) thrown at [./src/hotspot/share/oops/constantPool.cpp, line 775]
Event: 84.622 Thread 0x00000157750b4800 Implicit null exception at 0x00000157667b8179 to 0x00000157667b88d4
Event: 85.459 Thread 0x00000157750b4800 Implicit null exception at 0x0000015766966b29 to 0x0000015766967234
Event: 85.679 Thread 0x00000157750b4800 Implicit null exception at 0x000001576696c308 to 0x000001576696c904
Event: 85.679 Thread 0x00000157750b4800 Implicit null exception at 0x000001576696b3ce to 0x000001576696bad0
Event: 85.765 Thread 0x00000157750b4800 Exception <a 'sun/nio/fs/WindowsException'{0x000000008b38c840}> (0x000000008b38c840) thrown at [./src/hotspot/share/prims/jni.cpp, line 617]
Event: 86.020 Thread 0x00000157750b4800 Exception <a 'java/lang/NullPointerException'{0x000000008b15df70}> (0x000000008b15df70) thrown at [./src/hotspot/share/interpreter/linkResolver.cpp, line 1440]
Event: 86.725 Thread 0x00000157750b4800 Implicit null exception at 0x0000015766979667 to 0x000001576697b1b8
Event: 87.015 Thread 0x00000157750b4800 Exception <a 'java/lang/NoSuchMethodError'{0x000000008b8b2538}: 'int java.lang.invoke.DirectMethodHandle$Holder.invokeStatic(java.lang.Object, java.lang.Object, int, java.lang.Object)'> (0x000000008b8b2538) thrown at [./src/hotspot/share/interpreter/linkResolver.cpp, line 773]
Event: 87.194 Thread 0x00000157750b4800 Exception <a 'sun/nio/fs/WindowsException'{0x000000008b7dc390}> (0x000000008b7dc390) thrown at [./src/hotspot/share/prims/jni.cpp, line 617]
Event: 87.195 Thread 0x00000157750b4800 Exception <a 'sun/nio/fs/WindowsException'{0x000000008b7dd718}> (0x000000008b7dd718) thrown at [./src/hotspot/share/prims/jni.cpp, line 617]
Event: 87.195 Thread 0x00000157750b4800 Exception <a 'sun/nio/fs/WindowsException'{0x000000008b7dead8}> (0x000000008b7dead8) thrown at [./src/hotspot/share/prims/jni.cpp, line 617]
Event: 87.195 Thread 0x00000157750b4800 Exception <a 'sun/nio/fs/WindowsException'{0x000000008b7dfe98}> (0x000000008b7dfe98) thrown at [./src/hotspot/share/prims/jni.cpp, line 617]
Event: 87.306 Thread 0x00000157750b4800 Implicit null exception at 0x0000015766970307 to 0x00000157669703e7
Event: 87.352 Thread 0x00000157750b4800 Implicit null exception at 0x0000015766997393 to 0x00000157669976c8
Event: 87.435 Thread 0x0000015774752000 Implicit null exception at 0x00000157667dc02d to 0x00000157667dc740
Event: 88.293 Thread 0x00000157750b4800 Implicit null exception at 0x00000157669aaf34 to 0x00000157669ab80c
Event: 91.112 Thread 0x00000157750b4800 Exception <a 'java/lang/NoSuchMethodError'{0x000000008da924b0}: 'int java.lang.invoke.DirectMethodHandle$Holder.invokeStatic(java.lang.Object, int, int, java.lang.Object)'> (0x000000008da924b0) thrown at [./src/hotspot/share/interpreter/linkResolver.cpp, line 773]

Events (20 events):
Event: 91.228 loading class org/gradle/api/internal/tasks/TaskDependencyResolveContext done
Event: 91.228 loading class org/gradle/api/internal/tasks/TaskDependencyResolveContext
Event: 91.228 loading class org/gradle/api/internal/tasks/TaskDependencyResolveContext done
Event: 91.228 loading class org/gradle/api/internal/artifacts/transform/TransformationNode
Event: 91.228 loading class org/gradle/api/internal/artifacts/transform/TransformationNode done
Event: 91.230 loading class org/gradle/api/internal/tasks/TaskDependencyResolveContext
Event: 91.230 loading class org/gradle/api/internal/tasks/TaskDependencyResolveContext done
Event: 91.230 loading class org/gradle/api/internal/tasks/TaskDependencyResolveContext
Event: 91.230 loading class org/gradle/api/internal/tasks/TaskDependencyResolveContext done
Event: 91.230 loading class org/gradle/api/internal/tasks/WorkNodeAction
Event: 91.230 loading class org/gradle/api/internal/tasks/WorkNodeAction done
Event: 91.245 loading class org/gradle/api/internal/artifacts/transform/DefaultTransformer$IsolateTransformerParameters$1
Event: 91.245 loading class org/gradle/api/internal/artifacts/transform/DefaultTransformer$IsolateTransformerParameters$1 done
Event: 91.256 loading class com/android/build/gradle/internal/publishing/AndroidArtifacts$ClassesDirFormat
Event: 91.256 loading class com/android/build/gradle/internal/publishing/AndroidArtifacts$ClassesDirFormat done
Event: 91.404 loading class org/gradle/cache/internal/btree/FileBackedBlockStore$1
Event: 91.404 loading class org/gradle/cache/internal/btree/FileBackedBlockStore$1 done
Event: 91.908 Executing VM operation: ICBufferFull
Event: 91.909 Executing VM operation: ICBufferFull done
Event: 91.912 Executing VM operation: G1CollectForAllocation


Dynamic libraries:
0x00007ff67b660000 - 0x00007ff67b66d000 	C:\Program Files\Microsoft\jdk-11.0.18.10-hotspot\bin\java.exe
0x00007ffb65260000 - 0x00007ffb65469000 	C:\WINDOWS\SYSTEM32\ntdll.dll
0x00007ffb64570000 - 0x00007ffb6462e000 	C:\WINDOWS\System32\KERNEL32.DLL
0x00007ffb62710000 - 0x00007ffb62a94000 	C:\WINDOWS\System32\KERNELBASE.dll
0x00007ffb62fb0000 - 0x00007ffb630c1000 	C:\WINDOWS\System32\ucrtbase.dll
0x00007ffb5e490000 - 0x00007ffb5e4a7000 	C:\Program Files\Microsoft\jdk-11.0.18.10-hotspot\bin\jli.dll
0x00007ffb5a290000 - 0x00007ffb5a2a5000 	C:\Program Files\Microsoft\jdk-11.0.18.10-hotspot\bin\VCRUNTIME140.dll
0x00007ffb637e0000 - 0x00007ffb6398d000 	C:\WINDOWS\System32\USER32.dll
0x00007ffb62bd0000 - 0x00007ffb62bf6000 	C:\WINDOWS\System32\win32u.dll
0x00007ffb64710000 - 0x00007ffb6473a000 	C:\WINDOWS\System32\GDI32.dll
0x00007ffb54a20000 - 0x00007ffb54cc5000 	C:\WINDOWS\WinSxS\amd64_microsoft.windows.common-controls_6595b64144ccf1df_6.0.22000.120_none_9d947278b86cc467\COMCTL32.dll
0x00007ffb62c80000 - 0x00007ffb62d9f000 	C:\WINDOWS\System32\gdi32full.dll
0x00007ffb64ac0000 - 0x00007ffb64b63000 	C:\WINDOWS\System32\msvcrt.dll
0x00007ffb62da0000 - 0x00007ffb62e3d000 	C:\WINDOWS\System32\msvcp_win.dll
0x00007ffb644b0000 - 0x00007ffb644e1000 	C:\WINDOWS\System32\IMM32.DLL
0x00007ffb48c80000 - 0x00007ffb48d1b000 	C:\Program Files\Microsoft\jdk-11.0.18.10-hotspot\bin\msvcp140.dll
0x00007ffade5a0000 - 0x00007ffadf132000 	C:\Program Files\Microsoft\jdk-11.0.18.10-hotspot\bin\server\jvm.dll
0x00007ffb63550000 - 0x00007ffb635ff000 	C:\WINDOWS\System32\ADVAPI32.dll
0x00007ffb63600000 - 0x00007ffb6369e000 	C:\WINDOWS\System32\sechost.dll
0x00007ffb64300000 - 0x00007ffb64421000 	C:\WINDOWS\System32\RPCRT4.dll
0x00007ffb646a0000 - 0x00007ffb646a8000 	C:\WINDOWS\System32\PSAPI.DLL
0x00007ffb5ef30000 - 0x00007ffb5ef39000 	C:\WINDOWS\SYSTEM32\WSOCK32.dll
0x00007ffb64440000 - 0x00007ffb644af000 	C:\WINDOWS\System32\WS2_32.dll
0x00007ffb5d7f0000 - 0x00007ffb5d823000 	C:\WINDOWS\SYSTEM32\WINMM.dll
0x00007ffb52330000 - 0x00007ffb5233a000 	C:\WINDOWS\SYSTEM32\VERSION.dll
0x00007ffb61750000 - 0x00007ffb61768000 	C:\WINDOWS\SYSTEM32\kernel.appcore.dll
0x00007ffb5e4c0000 - 0x00007ffb5e4d0000 	C:\Program Files\Microsoft\jdk-11.0.18.10-hotspot\bin\verify.dll
0x00007ffb4eef0000 - 0x00007ffb4f111000 	C:\WINDOWS\SYSTEM32\DBGHELP.DLL
0x00007ffb4ee50000 - 0x00007ffb4ee81000 	C:\WINDOWS\SYSTEM32\dbgcore.DLL
0x00007ffb62c00000 - 0x00007ffb62c7f000 	C:\WINDOWS\System32\bcryptPrimitives.dll
0x00007ffb4ee20000 - 0x00007ffb4ee48000 	C:\Program Files\Microsoft\jdk-11.0.18.10-hotspot\bin\java.dll
0x00007ffb5e480000 - 0x00007ffb5e48a000 	C:\Program Files\Microsoft\jdk-11.0.18.10-hotspot\bin\jimage.dll
0x00007ffb5a1f0000 - 0x00007ffb5a208000 	C:\Program Files\Microsoft\jdk-11.0.18.10-hotspot\bin\zip.dll
0x00007ffb63a80000 - 0x00007ffb64245000 	C:\WINDOWS\System32\SHELL32.dll
0x00007ffb607b0000 - 0x00007ffb61014000 	C:\WINDOWS\SYSTEM32\windows.storage.dll
0x00007ffb64740000 - 0x00007ffb64ab6000 	C:\WINDOWS\System32\combase.dll
0x00007ffb60640000 - 0x00007ffb607a7000 	C:\WINDOWS\SYSTEM32\wintypes.dll
0x00007ffb63160000 - 0x00007ffb6324a000 	C:\WINDOWS\System32\SHCORE.dll
0x00007ffb646b0000 - 0x00007ffb6470d000 	C:\WINDOWS\System32\shlwapi.dll
0x00007ffb62640000 - 0x00007ffb62661000 	C:\WINDOWS\SYSTEM32\profapi.dll
0x00007ffb505d0000 - 0x00007ffb505e9000 	C:\Program Files\Microsoft\jdk-11.0.18.10-hotspot\bin\net.dll
0x00007ffb5bc90000 - 0x00007ffb5bda3000 	C:\WINDOWS\SYSTEM32\WINHTTP.dll
0x00007ffb61be0000 - 0x00007ffb61c47000 	C:\WINDOWS\system32\mswsock.dll
0x00007ffb4c890000 - 0x00007ffb4c8a3000 	C:\Program Files\Microsoft\jdk-11.0.18.10-hotspot\bin\nio.dll
0x00007ffb51730000 - 0x00007ffb51757000 	C:\Users\hi\.gradle\native\e1d6ef7f7dcc3fd88c89a11ec53ec762bb8ba0a96d01ffa2cd45eb1d1d8dd5c5\windows-amd64\native-platform.dll
0x00007ffb2a8a0000 - 0x00007ffb2a9e4000 	C:\Users\hi\.gradle\native\0d407fdbe67a94daf76414ababcb853783967236a71b16ec16e742cd7a986fd3\windows-amd64\native-platform-file-events.dll
0x00007ffb5a230000 - 0x00007ffb5a239000 	C:\Program Files\Microsoft\jdk-11.0.18.10-hotspot\bin\management.dll
0x00007ffb5a1c0000 - 0x00007ffb5a1cb000 	C:\Program Files\Microsoft\jdk-11.0.18.10-hotspot\bin\management_ext.dll
0x00007ffb61eb0000 - 0x00007ffb61ec8000 	C:\WINDOWS\SYSTEM32\CRYPTSP.dll
0x00007ffb616b0000 - 0x00007ffb616e5000 	C:\WINDOWS\system32\rsaenh.dll
0x00007ffb61c80000 - 0x00007ffb61ca9000 	C:\WINDOWS\SYSTEM32\USERENV.dll
0x00007ffb62000000 - 0x00007ffb62027000 	C:\WINDOWS\SYSTEM32\bcrypt.dll
0x00007ffb61dd0000 - 0x00007ffb61ddc000 	C:\WINDOWS\SYSTEM32\CRYPTBASE.dll
0x00007ffb61270000 - 0x00007ffb6129d000 	C:\WINDOWS\SYSTEM32\IPHLPAPI.DLL
0x00007ffb63a70000 - 0x00007ffb63a79000 	C:\WINDOWS\System32\NSI.dll
0x00007ffb5bac0000 - 0x00007ffb5bad9000 	C:\WINDOWS\SYSTEM32\dhcpcsvc6.DLL
0x00007ffb5d0e0000 - 0x00007ffb5d0fe000 	C:\WINDOWS\SYSTEM32\dhcpcsvc.DLL
0x00007ffb612a0000 - 0x00007ffb61388000 	C:\WINDOWS\SYSTEM32\DNSAPI.dll

dbghelp: loaded successfully - version: 4.0.5 - missing functions: none
symbol engine: initialized successfully - sym options: 0x614 - pdb path: .;C:\Program Files\Microsoft\jdk-11.0.18.10-hotspot\bin;C:\WINDOWS\SYSTEM32;C:\WINDOWS\WinSxS\amd64_microsoft.windows.common-controls_6595b64144ccf1df_6.0.22000.120_none_9d947278b86cc467;C:\Program Files\Microsoft\jdk-11.0.18.10-hotspot\bin\server;C:\Users\hi\.gradle\native\e1d6ef7f7dcc3fd88c89a11ec53ec762bb8ba0a96d01ffa2cd45eb1d1d8dd5c5\windows-amd64;C:\Users\hi\.gradle\native\0d407fdbe67a94daf76414ababcb853783967236a71b16ec16e742cd7a986fd3\windows-amd64

VM Arguments:
jvm_args: -XX:MaxMetaspaceSize=512m --add-opens=java.base/java.util=ALL-UNNAMED --add-opens=java.base/java.lang=ALL-UNNAMED --add-opens=java.base/java.lang.invoke=ALL-UNNAMED --add-opens=java.base/java.util=ALL-UNNAMED --add-opens=java.prefs/java.util.prefs=ALL-UNNAMED --add-opens=java.prefs/java.util.prefs=ALL-UNNAMED --add-opens=java.base/java.nio.charset=ALL-UNNAMED --add-opens=java.base/java.net=ALL-UNNAMED --add-opens=java.base/java.util.concurrent.atomic=ALL-UNNAMED -Xmx2048m -Dfile.encoding=windows-1252 -Duser.country=US -Duser.language=en -Duser.variant 
java_command: org.gradle.launcher.daemon.bootstrap.GradleDaemon 7.5.1
java_class_path (initial): C:\Users\hi\.gradle\wrapper\dists\gradle-7.5.1-all\1ehga6e77gqps5uk2kc5kf1vc\gradle-7.5.1\lib\gradle-launcher-7.5.1.jar
Launcher Type: SUN_STANDARD

[Global flags]
     intx CICompilerCount                          = 3                                         {product} {ergonomic}
   size_t CompressedClassSpaceSize                 = 528482304                                 {product} {ergonomic}
     uint ConcGCThreads                            = 1                                         {product} {ergonomic}
     uint G1ConcRefinementThreads                  = 4                                         {product} {ergonomic}
   size_t G1HeapRegionSize                         = 1048576                                   {product} {ergonomic}
    uintx GCDrainStackTargetSize                   = 64                                        {product} {ergonomic}
   size_t InitialHeapSize                          = 134217728                                 {product} {ergonomic}
   size_t MarkStackSize                            = 4194304                                   {product} {ergonomic}
   size_t MaxHeapSize                              = 2147483648                                {product} {command line}
   size_t MaxMetaspaceSize                         = 536870912                                 {product} {command line}
   size_t MaxNewSize                               = 1287651328                                {product} {ergonomic}
   size_t MinHeapDeltaBytes                        = 1048576                                   {product} {ergonomic}
    uintx NonNMethodCodeHeapSize                   = 5830732                                {pd product} {ergonomic}
    uintx NonProfiledCodeHeapSize                  = 122913754                              {pd product} {ergonomic}
    uintx ProfiledCodeHeapSize                     = 122913754                              {pd product} {ergonomic}
    uintx ReservedCodeCacheSize                    = 251658240                              {pd product} {ergonomic}
     bool SegmentedCodeCache                       = true                                      {product} {ergonomic}
     bool UseCompressedClassPointers               = true                                 {lp64_product} {ergonomic}
     bool UseCompressedOops                        = true                                 {lp64_product} {ergonomic}
     bool UseG1GC                                  = true                                      {product} {ergonomic}
     bool UseLargePagesIndividualAllocation        = false                                  {pd product} {ergonomic}

Logging:
Log output configuration:
 #0: stdout all=warning uptime,level,tags
 #1: stderr all=off uptime,level,tags

Environment Variables:
JAVA_HOME=C:\Program Files\Microsoft\jdk-11.0.18.10-hotspot
CLASSPATH=E:\nativelearn\android\\gradle\wrapper\gradle-wrapper.jar
PATH=E:\nativelearn\android\node_modules\.bin;E:\nativelearn\node_modules\.bin;E:\node_modules\.bin;C:\Program Files\nodejs;E:\nativelearn\node_modules\.bin;E:\nativelearn\node_modules\.bin;E:\node_modules\.bin;C:\Program Files\nodejs\node_modules\npm\node_modules\@npmcli\run-script\lib\node-gyp-bin;E:\nativelearn\node_modules\.bin;E:\node_modules\.bin;C:\Program Files\nodejs;E:\nativelearn\node_modules\.bin;E:\nativelearn\node_modules\.bin;E:\node_modules\.bin;C:\Program Files\nodejs\node_modules\npm\node_modules\@npmcli\run-script\lib\node-gyp-bin;C:\Program Files\Microsoft\jdk-11.0.18.10-hotspot\bin;C:\WINDOWS\system32;C:\WINDOWS;C:\WINDOWS\System32\Wbem;C:\WINDOWS\System32\WindowsPowerShell\v1.0\;C:\WINDOWS\System32\OpenSSH\;C:\ProgramData\chocolatey\bin;C:\Program Files\nodejs\;C:\Program Files\Git\cmd;C:\Program Files\MongoDB\Server\6.0\bin;C:\mongosh\mongosh-1.8.0-win32-x64\bin;C:\gradle-8.1.1\bin;C:\Users\hi\AppData\Local\Android\Sdk\platform-tools;C:\Program Files\dotnet\;C:\Users\hi\AppData\Local\Microsoft\WindowsApps;C:\Users\hi\AppData\Local\Programs\Microsoft VS Code\bin;C:\Users\hi\AppData\Local\GitHubDesktop\bin;C:\Users\hi\AppData\Local\Android\Sdk\platform-tools;C:\Users\hi\AppData\Roaming\npm;C:\mongosh\mongosh-1.8.0-win32-x64\bin;C:\gradle-8.1.1\bin;
USERNAME=hi
LANG=en_US.UTF-8
OS=Windows_NT
PROCESSOR_IDENTIFIER=Intel64 Family 6 Model 69 Stepping 1, GenuineIntel
TMP=C:\Users\hi\AppData\Local\Temp
TEMP=C:\Users\hi\AppData\Local\Temp



---------------  S Y S T E M  ---------------

OS: Windows 11 , 64 bit Build 22000 (10.0.22000.1880)
OS uptime: 8 days 13:11 hours
Hyper-V role detected

CPU:total 4 (initial active 4) (2 cores per cpu, 2 threads per core) family 6 model 69 stepping 1 microcode 0x26, cmov, cx8, fxsr, mmx, sse, sse2, sse3, ssse3, sse4.1, sse4.2, popcnt, avx, avx2, aes, clmul, erms, lzcnt, ht, tsc, tscinvbit, bmi1, bmi2, fma

Memory: 4k page, system-wide physical 8097M (488M free)
TotalPageFile size 18760M (AvailPageFile size 47M)
current process WorkingSet (physical memory assigned to process): 519M, peak: 524M
current process commit charge ("private bytes"): 574M, peak: 624M

vm_info: OpenJDK 64-Bit Server VM (11.0.18+10-LTS) for windows-amd64 JRE (11.0.18+10-LTS), built on Jan 18 2023 15:56:47 by "MicrosoftCorporation" with MS VC++ 15.9 (VS2017)

END.
